2024-11-06 23:33:34 INFO  cic.cs.unb.ca.jnetpcap.worker.TrafficFlowWorker    Pcap is listening...
2024-11-06 23:33:57 INFO  cic.cs.unb.ca.flow.ui.FlowMonitorPane    Pcap stop listening
2024-11-06 23:33:58 INFO  cic.cs.unb.ca.flow.ui.FlowMonitorPane    path:/home/minhhuy/Downloads/CICFlowMeter-classifier-20241029T051353Z-001/CICFlowMeter-classifier/data/daily/2024-11-06_Flow.csv
2024-11-06 23:34:30 INFO  cic.cs.unb.ca.jnetpcap.worker.TrafficFlowWorker    Pcap is listening...
2024-11-06 23:35:32 DEBUG cic.cs.unb.ca.jnetpcap.FlowGenerator    FlagRST current has 4 flow
2024-11-06 23:35:32 DEBUG cic.cs.unb.ca.jnetpcap.FlowGenerator    FlagRST current has 3 flow
2024-11-06 23:35:32 DEBUG cic.cs.unb.ca.jnetpcap.FlowGenerator    FlagRST current has 3 flow
2024-11-06 23:35:32 DEBUG cic.cs.unb.ca.jnetpcap.FlowGenerator    FlagRST current has 3 flow
2024-11-06 23:35:32 DEBUG cic.cs.unb.ca.jnetpcap.FlowGenerator    FlagRST current has 3 flow
2024-11-06 23:35:32 DEBUG cic.cs.unb.ca.jnetpcap.FlowGenerator    FlagRST current has 3 flow
2024-11-06 23:35:32 DEBUG cic.cs.unb.ca.jnetpcap.FlowGenerator    FlagRST current has 3 flow
2024-11-06 23:35:32 DEBUG cic.cs.unb.ca.jnetpcap.FlowGenerator    FlagRST current has 3 flow
2024-11-06 23:35:32 DEBUG cic.cs.unb.ca.jnetpcap.FlowGenerator    FlagRST current has 3 flow
2024-11-06 23:35:32 DEBUG cic.cs.unb.ca.jnetpcap.FlowGenerator    FlagRST current has 3 flow
2024-11-06 23:35:32 DEBUG cic.cs.unb.ca.jnetpcap.FlowGenerator    FlagRST current has 3 flow
2024-11-06 23:35:32 DEBUG cic.cs.unb.ca.jnetpcap.FlowGenerator    FlagRST current has 3 flow
2024-11-06 23:35:32 DEBUG cic.cs.unb.ca.jnetpcap.FlowGenerator    FlagRST current has 3 flow
2024-11-06 23:35:32 DEBUG cic.cs.unb.ca.jnetpcap.FlowGenerator    FlagRST current has 3 flow
2024-11-06 23:35:32 DEBUG cic.cs.unb.ca.jnetpcap.FlowGenerator    FlagRST current has 3 flow
2024-11-06 23:35:32 DEBUG cic.cs.unb.ca.jnetpcap.FlowGenerator    FlagRST current has 3 flow
2024-11-06 23:35:32 DEBUG cic.cs.unb.ca.jnetpcap.FlowGenerator    FlagRST current has 3 flow
2024-11-06 23:35:32 DEBUG cic.cs.unb.ca.jnetpcap.FlowGenerator    FlagRST current has 3 flow
2024-11-06 23:35:32 DEBUG cic.cs.unb.ca.jnetpcap.FlowGenerator    FlagRST current has 3 flow
2024-11-06 23:35:32 DEBUG cic.cs.unb.ca.jnetpcap.FlowGenerator    FlagRST current has 3 flow
2024-11-06 23:35:32 DEBUG cic.cs.unb.ca.jnetpcap.FlowGenerator    FlagRST current has 3 flow
2024-11-06 23:35:32 DEBUG cic.cs.unb.ca.jnetpcap.FlowGenerator    FlagRST current has 3 flow
2024-11-06 23:35:32 DEBUG cic.cs.unb.ca.jnetpcap.FlowGenerator    FlagRST current has 3 flow
2024-11-06 23:35:32 DEBUG cic.cs.unb.ca.jnetpcap.FlowGenerator    FlagRST current has 3 flow
2024-11-06 23:35:32 DEBUG cic.cs.unb.ca.jnetpcap.FlowGenerator    FlagRST current has 3 flow
2024-11-06 23:35:32 DEBUG cic.cs.unb.ca.jnetpcap.FlowGenerator    FlagRST current has 3 flow
2024-11-06 23:35:32 DEBUG cic.cs.unb.ca.jnetpcap.FlowGenerator    FlagRST current has 3 flow
2024-11-06 23:35:32 DEBUG cic.cs.unb.ca.jnetpcap.FlowGenerator    FlagRST current has 3 flow
2024-11-06 23:35:32 DEBUG cic.cs.unb.ca.jnetpcap.FlowGenerator    FlagRST current has 3 flow
2024-11-06 23:35:32 DEBUG cic.cs.unb.ca.jnetpcap.FlowGenerator    FlagRST current has 4 flow
2024-11-06 23:35:32 DEBUG cic.cs.unb.ca.jnetpcap.FlowGenerator    FlagRST current has 3 flow
2024-11-06 23:35:32 DEBUG cic.cs.unb.ca.jnetpcap.FlowGenerator    FlagRST current has 3 flow
2024-11-06 23:35:32 DEBUG cic.cs.unb.ca.jnetpcap.FlowGenerator    FlagRST current has 3 flow
2024-11-06 23:35:32 DEBUG cic.cs.unb.ca.jnetpcap.FlowGenerator    FlagRST current has 3 flow
2024-11-06 23:35:32 DEBUG cic.cs.unb.ca.jnetpcap.FlowGenerator    FlagRST current has 3 flow
2024-11-06 23:35:32 DEBUG cic.cs.unb.ca.jnetpcap.FlowGenerator    FlagRST current has 3 flow
2024-11-06 23:35:32 DEBUG cic.cs.unb.ca.jnetpcap.FlowGenerator    FlagRST current has 3 flow
2024-11-06 23:35:32 DEBUG cic.cs.unb.ca.jnetpcap.FlowGenerator    FlagRST current has 3 flow
2024-11-06 23:35:32 DEBUG cic.cs.unb.ca.jnetpcap.FlowGenerator    FlagRST current has 3 flow
2024-11-06 23:35:32 DEBUG cic.cs.unb.ca.jnetpcap.FlowGenerator    FlagRST current has 3 flow
2024-11-06 23:35:32 DEBUG cic.cs.unb.ca.jnetpcap.FlowGenerator    FlagRST current has 3 flow
2024-11-06 23:35:32 DEBUG cic.cs.unb.ca.jnetpcap.FlowGenerator    FlagRST current has 3 flow
2024-11-06 23:35:32 DEBUG cic.cs.unb.ca.jnetpcap.FlowGenerator    FlagRST current has 3 flow
2024-11-06 23:35:32 DEBUG cic.cs.unb.ca.jnetpcap.FlowGenerator    FlagRST current has 3 flow
2024-11-06 23:35:32 DEBUG cic.cs.unb.ca.jnetpcap.FlowGenerator    FlagRST current has 3 flow
2024-11-06 23:35:32 DEBUG cic.cs.unb.ca.jnetpcap.FlowGenerator    FlagRST current has 3 flow
2024-11-06 23:35:32 DEBUG cic.cs.unb.ca.jnetpcap.FlowGenerator    FlagRST current has 3 flow
2024-11-06 23:35:32 DEBUG cic.cs.unb.ca.jnetpcap.FlowGenerator    FlagRST current has 3 flow
2024-11-06 23:35:32 DEBUG cic.cs.unb.ca.jnetpcap.FlowGenerator    FlagRST current has 3 flow
2024-11-06 23:35:32 DEBUG cic.cs.unb.ca.jnetpcap.FlowGenerator    FlagRST current has 3 flow
2024-11-06 23:35:32 DEBUG cic.cs.unb.ca.jnetpcap.FlowGenerator    FlagRST current has 3 flow
2024-11-06 23:35:32 DEBUG cic.cs.unb.ca.jnetpcap.FlowGenerator    FlagRST current has 3 flow
2024-11-06 23:35:32 DEBUG cic.cs.unb.ca.jnetpcap.FlowGenerator    FlagRST current has 3 flow
2024-11-06 23:35:32 DEBUG cic.cs.unb.ca.jnetpcap.FlowGenerator    FlagRST current has 3 flow
2024-11-06 23:35:32 DEBUG cic.cs.unb.ca.jnetpcap.FlowGenerator    FlagRST current has 3 flow
2024-11-06 23:35:32 DEBUG cic.cs.unb.ca.jnetpcap.FlowGenerator    FlagRST current has 3 flow
2024-11-06 23:35:32 DEBUG cic.cs.unb.ca.jnetpcap.FlowGenerator    FlagRST current has 3 flow
2024-11-06 23:35:32 DEBUG cic.cs.unb.ca.jnetpcap.FlowGenerator    FlagRST current has 3 flow
2024-11-06 23:35:32 DEBUG cic.cs.unb.ca.jnetpcap.FlowGenerator    FlagRST current has 3 flow
2024-11-06 23:35:32 DEBUG cic.cs.unb.ca.jnetpcap.FlowGenerator    FlagRST current has 3 flow
2024-11-06 23:35:32 DEBUG cic.cs.unb.ca.jnetpcap.FlowGenerator    FlagRST current has 3 flow
2024-11-06 23:35:32 DEBUG cic.cs.unb.ca.jnetpcap.FlowGenerator    FlagRST current has 3 flow
2024-11-06 23:35:32 DEBUG cic.cs.unb.ca.jnetpcap.FlowGenerator    FlagRST current has 3 flow
2024-11-06 23:35:32 DEBUG cic.cs.unb.ca.jnetpcap.FlowGenerator    FlagRST current has 3 flow
2024-11-06 23:35:32 DEBUG cic.cs.unb.ca.jnetpcap.FlowGenerator    FlagRST current has 3 flow
2024-11-06 23:35:32 DEBUG cic.cs.unb.ca.jnetpcap.FlowGenerator    FlagRST current has 3 flow
2024-11-06 23:35:32 DEBUG cic.cs.unb.ca.jnetpcap.FlowGenerator    FlagRST current has 3 flow
2024-11-06 23:35:32 DEBUG cic.cs.unb.ca.jnetpcap.FlowGenerator    FlagRST current has 4 flow
2024-11-06 23:35:32 DEBUG cic.cs.unb.ca.jnetpcap.FlowGenerator    FlagRST current has 3 flow
2024-11-06 23:35:32 DEBUG cic.cs.unb.ca.jnetpcap.FlowGenerator    FlagRST current has 3 flow
2024-11-06 23:35:32 DEBUG cic.cs.unb.ca.jnetpcap.FlowGenerator    FlagRST current has 3 flow
2024-11-06 23:35:32 DEBUG cic.cs.unb.ca.jnetpcap.FlowGenerator    FlagRST current has 3 flow
2024-11-06 23:35:32 DEBUG cic.cs.unb.ca.jnetpcap.FlowGenerator    FlagRST current has 4 flow
2024-11-06 23:35:32 DEBUG cic.cs.unb.ca.jnetpcap.FlowGenerator    FlagRST current has 3 flow
2024-11-06 23:35:32 DEBUG cic.cs.unb.ca.jnetpcap.FlowGenerator    FlagRST current has 3 flow
2024-11-06 23:35:32 DEBUG cic.cs.unb.ca.jnetpcap.FlowGenerator    FlagRST current has 3 flow
2024-11-06 23:35:32 DEBUG cic.cs.unb.ca.jnetpcap.FlowGenerator    FlagRST current has 3 flow
2024-11-06 23:35:32 DEBUG cic.cs.unb.ca.jnetpcap.FlowGenerator    FlagRST current has 3 flow
2024-11-06 23:35:32 DEBUG cic.cs.unb.ca.jnetpcap.FlowGenerator    FlagRST current has 3 flow
2024-11-06 23:35:32 DEBUG cic.cs.unb.ca.jnetpcap.FlowGenerator    FlagRST current has 3 flow
2024-11-06 23:35:32 DEBUG cic.cs.unb.ca.jnetpcap.FlowGenerator    FlagRST current has 3 flow
2024-11-06 23:35:32 DEBUG cic.cs.unb.ca.jnetpcap.FlowGenerator    FlagRST current has 3 flow
2024-11-06 23:35:32 DEBUG cic.cs.unb.ca.jnetpcap.FlowGenerator    FlagRST current has 3 flow
2024-11-06 23:35:32 DEBUG cic.cs.unb.ca.jnetpcap.FlowGenerator    FlagRST current has 3 flow
2024-11-06 23:35:32 DEBUG cic.cs.unb.ca.jnetpcap.FlowGenerator    FlagRST current has 3 flow
2024-11-06 23:35:32 DEBUG cic.cs.unb.ca.jnetpcap.FlowGenerator    FlagRST current has 3 flow
2024-11-06 23:35:32 DEBUG cic.cs.unb.ca.jnetpcap.FlowGenerator    FlagRST current has 3 flow
2024-11-06 23:35:32 DEBUG cic.cs.unb.ca.jnetpcap.FlowGenerator    FlagRST current has 3 flow
2024-11-06 23:35:32 DEBUG cic.cs.unb.ca.jnetpcap.FlowGenerator    FlagRST current has 3 flow
2024-11-06 23:35:32 DEBUG cic.cs.unb.ca.jnetpcap.FlowGenerator    FlagRST current has 3 flow
2024-11-06 23:35:32 DEBUG cic.cs.unb.ca.jnetpcap.FlowGenerator    FlagRST current has 3 flow
2024-11-06 23:35:32 DEBUG cic.cs.unb.ca.jnetpcap.FlowGenerator    FlagRST current has 3 flow
2024-11-06 23:35:32 DEBUG cic.cs.unb.ca.jnetpcap.FlowGenerator    FlagRST current has 3 flow
2024-11-06 23:35:32 DEBUG cic.cs.unb.ca.jnetpcap.FlowGenerator    FlagRST current has 4 flow
2024-11-06 23:35:32 DEBUG cic.cs.unb.ca.jnetpcap.FlowGenerator    FlagRST current has 3 flow
2024-11-06 23:35:32 DEBUG cic.cs.unb.ca.jnetpcap.FlowGenerator    FlagRST current has 3 flow
2024-11-06 23:35:32 DEBUG cic.cs.unb.ca.jnetpcap.FlowGenerator    FlagRST current has 3 flow
2024-11-06 23:35:32 DEBUG cic.cs.unb.ca.jnetpcap.FlowGenerator    FlagRST current has 3 flow
2024-11-06 23:35:32 DEBUG cic.cs.unb.ca.jnetpcap.FlowGenerator    FlagRST current has 3 flow
2024-11-06 23:35:32 DEBUG cic.cs.unb.ca.jnetpcap.FlowGenerator    FlagRST current has 3 flow
2024-11-06 23:35:32 DEBUG cic.cs.unb.ca.jnetpcap.FlowGenerator    FlagRST current has 3 flow
2024-11-06 23:35:32 DEBUG cic.cs.unb.ca.jnetpcap.FlowGenerator    FlagRST current has 3 flow
2024-11-06 23:35:32 DEBUG cic.cs.unb.ca.jnetpcap.FlowGenerator    FlagRST current has 3 flow
2024-11-06 23:35:32 DEBUG cic.cs.unb.ca.jnetpcap.FlowGenerator    FlagRST current has 3 flow
2024-11-06 23:35:32 DEBUG cic.cs.unb.ca.jnetpcap.FlowGenerator    FlagRST current has 3 flow
2024-11-06 23:35:32 DEBUG cic.cs.unb.ca.jnetpcap.FlowGenerator    FlagRST current has 3 flow
2024-11-06 23:35:32 DEBUG cic.cs.unb.ca.jnetpcap.FlowGenerator    FlagRST current has 3 flow
2024-11-06 23:35:32 DEBUG cic.cs.unb.ca.jnetpcap.FlowGenerator    FlagRST current has 3 flow
2024-11-06 23:35:32 DEBUG cic.cs.unb.ca.jnetpcap.FlowGenerator    FlagRST current has 3 flow
2024-11-06 23:35:32 DEBUG cic.cs.unb.ca.jnetpcap.FlowGenerator    FlagRST current has 3 flow
2024-11-06 23:35:32 DEBUG cic.cs.unb.ca.jnetpcap.FlowGenerator    FlagRST current has 3 flow
2024-11-06 23:35:32 DEBUG cic.cs.unb.ca.jnetpcap.FlowGenerator    FlagRST current has 3 flow
2024-11-06 23:35:32 DEBUG cic.cs.unb.ca.jnetpcap.FlowGenerator    FlagRST current has 3 flow
2024-11-06 23:35:32 DEBUG cic.cs.unb.ca.jnetpcap.FlowGenerator    FlagRST current has 4 flow
2024-11-06 23:35:32 DEBUG cic.cs.unb.ca.jnetpcap.FlowGenerator    FlagRST current has 3 flow
2024-11-06 23:35:32 DEBUG cic.cs.unb.ca.jnetpcap.FlowGenerator    FlagRST current has 3 flow
2024-11-06 23:35:32 DEBUG cic.cs.unb.ca.jnetpcap.FlowGenerator    FlagRST current has 3 flow
2024-11-06 23:35:32 DEBUG cic.cs.unb.ca.jnetpcap.FlowGenerator    FlagRST current has 3 flow
2024-11-06 23:35:32 DEBUG cic.cs.unb.ca.jnetpcap.FlowGenerator    FlagRST current has 3 flow
2024-11-06 23:35:32 DEBUG cic.cs.unb.ca.jnetpcap.FlowGenerator    FlagRST current has 3 flow
2024-11-06 23:35:32 DEBUG cic.cs.unb.ca.jnetpcap.FlowGenerator    FlagRST current has 3 flow
2024-11-06 23:35:32 DEBUG cic.cs.unb.ca.jnetpcap.FlowGenerator    FlagRST current has 3 flow
2024-11-06 23:35:32 DEBUG cic.cs.unb.ca.jnetpcap.FlowGenerator    FlagRST current has 3 flow
2024-11-06 23:35:32 DEBUG cic.cs.unb.ca.jnetpcap.FlowGenerator    FlagRST current has 3 flow
2024-11-06 23:35:32 DEBUG cic.cs.unb.ca.jnetpcap.FlowGenerator    FlagRST current has 3 flow
2024-11-06 23:35:32 DEBUG cic.cs.unb.ca.jnetpcap.FlowGenerator    FlagRST current has 3 flow
2024-11-06 23:35:32 DEBUG cic.cs.unb.ca.jnetpcap.FlowGenerator    FlagRST current has 3 flow
2024-11-06 23:35:32 DEBUG cic.cs.unb.ca.jnetpcap.FlowGenerator    FlagRST current has 3 flow
2024-11-06 23:35:32 DEBUG cic.cs.unb.ca.jnetpcap.FlowGenerator    FlagRST current has 3 flow
2024-11-06 23:35:32 DEBUG cic.cs.unb.ca.jnetpcap.FlowGenerator    FlagRST current has 3 flow
2024-11-06 23:35:32 DEBUG cic.cs.unb.ca.jnetpcap.FlowGenerator    FlagRST current has 3 flow
2024-11-06 23:35:32 DEBUG cic.cs.unb.ca.jnetpcap.FlowGenerator    FlagRST current has 3 flow
2024-11-06 23:35:32 DEBUG cic.cs.unb.ca.jnetpcap.FlowGenerator    FlagRST current has 3 flow
2024-11-06 23:35:32 DEBUG cic.cs.unb.ca.jnetpcap.FlowGenerator    FlagRST current has 3 flow
2024-11-06 23:35:32 DEBUG cic.cs.unb.ca.jnetpcap.FlowGenerator    FlagRST current has 4 flow
2024-11-06 23:35:32 DEBUG cic.cs.unb.ca.jnetpcap.FlowGenerator    FlagRST current has 3 flow
2024-11-06 23:35:32 DEBUG cic.cs.unb.ca.jnetpcap.FlowGenerator    FlagRST current has 3 flow
2024-11-06 23:35:32 DEBUG cic.cs.unb.ca.jnetpcap.FlowGenerator    FlagRST current has 3 flow
2024-11-06 23:35:32 DEBUG cic.cs.unb.ca.jnetpcap.FlowGenerator    FlagRST current has 3 flow
2024-11-06 23:35:32 DEBUG cic.cs.unb.ca.jnetpcap.FlowGenerator    FlagRST current has 3 flow
2024-11-06 23:35:32 DEBUG cic.cs.unb.ca.jnetpcap.FlowGenerator    FlagRST current has 3 flow
2024-11-06 23:35:32 DEBUG cic.cs.unb.ca.jnetpcap.FlowGenerator    FlagRST current has 4 flow
2024-11-06 23:35:32 DEBUG cic.cs.unb.ca.jnetpcap.FlowGenerator    FlagRST current has 3 flow
2024-11-06 23:35:32 DEBUG cic.cs.unb.ca.jnetpcap.FlowGenerator    FlagRST current has 3 flow
2024-11-06 23:35:32 DEBUG cic.cs.unb.ca.jnetpcap.FlowGenerator    FlagRST current has 3 flow
2024-11-06 23:35:32 DEBUG cic.cs.unb.ca.jnetpcap.FlowGenerator    FlagRST current has 3 flow
2024-11-06 23:35:32 DEBUG cic.cs.unb.ca.jnetpcap.FlowGenerator    FlagRST current has 3 flow
2024-11-06 23:35:32 DEBUG cic.cs.unb.ca.jnetpcap.FlowGenerator    FlagRST current has 3 flow
2024-11-06 23:35:32 DEBUG cic.cs.unb.ca.jnetpcap.FlowGenerator    FlagRST current has 3 flow
2024-11-06 23:35:32 DEBUG cic.cs.unb.ca.jnetpcap.FlowGenerator    FlagRST current has 3 flow
2024-11-06 23:35:32 DEBUG cic.cs.unb.ca.jnetpcap.FlowGenerator    FlagRST current has 3 flow
2024-11-06 23:35:32 DEBUG cic.cs.unb.ca.jnetpcap.FlowGenerator    FlagRST current has 3 flow
2024-11-06 23:35:32 DEBUG cic.cs.unb.ca.jnetpcap.FlowGenerator    FlagRST current has 3 flow
2024-11-06 23:35:32 DEBUG cic.cs.unb.ca.jnetpcap.FlowGenerator    FlagRST current has 3 flow
2024-11-06 23:35:32 DEBUG cic.cs.unb.ca.jnetpcap.FlowGenerator    FlagRST current has 3 flow
2024-11-06 23:35:32 DEBUG cic.cs.unb.ca.jnetpcap.FlowGenerator    FlagRST current has 3 flow
2024-11-06 23:35:32 DEBUG cic.cs.unb.ca.jnetpcap.FlowGenerator    FlagRST current has 3 flow
2024-11-06 23:35:32 DEBUG cic.cs.unb.ca.jnetpcap.FlowGenerator    FlagRST current has 3 flow
2024-11-06 23:35:32 DEBUG cic.cs.unb.ca.jnetpcap.FlowGenerator    FlagRST current has 3 flow
2024-11-06 23:35:32 DEBUG cic.cs.unb.ca.jnetpcap.FlowGenerator    FlagRST current has 3 flow
2024-11-06 23:35:32 DEBUG cic.cs.unb.ca.jnetpcap.FlowGenerator    FlagRST current has 3 flow
2024-11-06 23:35:32 DEBUG cic.cs.unb.ca.jnetpcap.FlowGenerator    FlagRST current has 3 flow
2024-11-06 23:35:32 DEBUG cic.cs.unb.ca.jnetpcap.FlowGenerator    FlagRST current has 3 flow
2024-11-06 23:35:32 DEBUG cic.cs.unb.ca.jnetpcap.FlowGenerator    FlagRST current has 3 flow
2024-11-06 23:35:32 DEBUG cic.cs.unb.ca.jnetpcap.FlowGenerator    FlagRST current has 3 flow
2024-11-06 23:35:32 DEBUG cic.cs.unb.ca.jnetpcap.FlowGenerator    FlagRST current has 3 flow
2024-11-06 23:35:32 DEBUG cic.cs.unb.ca.jnetpcap.FlowGenerator    FlagRST current has 3 flow
2024-11-06 23:35:32 DEBUG cic.cs.unb.ca.jnetpcap.FlowGenerator    FlagRST current has 3 flow
2024-11-06 23:35:32 DEBUG cic.cs.unb.ca.jnetpcap.FlowGenerator    FlagRST current has 3 flow
2024-11-06 23:35:32 DEBUG cic.cs.unb.ca.jnetpcap.FlowGenerator    FlagRST current has 3 flow
2024-11-06 23:35:32 DEBUG cic.cs.unb.ca.jnetpcap.FlowGenerator    FlagRST current has 3 flow
2024-11-06 23:35:32 DEBUG cic.cs.unb.ca.jnetpcap.FlowGenerator    FlagRST current has 3 flow
2024-11-06 23:35:32 DEBUG cic.cs.unb.ca.jnetpcap.FlowGenerator    FlagRST current has 3 flow
2024-11-06 23:35:32 DEBUG cic.cs.unb.ca.jnetpcap.FlowGenerator    FlagRST current has 3 flow
2024-11-06 23:35:32 DEBUG cic.cs.unb.ca.jnetpcap.FlowGenerator    FlagRST current has 3 flow
2024-11-06 23:35:32 DEBUG cic.cs.unb.ca.jnetpcap.FlowGenerator    FlagRST current has 3 flow
2024-11-06 23:35:32 DEBUG cic.cs.unb.ca.jnetpcap.FlowGenerator    FlagRST current has 3 flow
2024-11-06 23:35:32 DEBUG cic.cs.unb.ca.jnetpcap.FlowGenerator    FlagRST current has 3 flow
2024-11-06 23:35:32 DEBUG cic.cs.unb.ca.jnetpcap.FlowGenerator    FlagRST current has 3 flow
2024-11-06 23:35:32 DEBUG cic.cs.unb.ca.jnetpcap.FlowGenerator    FlagRST current has 3 flow
2024-11-06 23:35:32 DEBUG cic.cs.unb.ca.jnetpcap.FlowGenerator    FlagRST current has 3 flow
2024-11-06 23:35:32 DEBUG cic.cs.unb.ca.jnetpcap.FlowGenerator    FlagRST current has 3 flow
2024-11-06 23:35:32 DEBUG cic.cs.unb.ca.jnetpcap.FlowGenerator    FlagRST current has 3 flow
2024-11-06 23:35:32 DEBUG cic.cs.unb.ca.jnetpcap.FlowGenerator    FlagRST current has 3 flow
2024-11-06 23:35:32 DEBUG cic.cs.unb.ca.jnetpcap.FlowGenerator    FlagRST current has 3 flow
2024-11-06 23:35:32 DEBUG cic.cs.unb.ca.jnetpcap.FlowGenerator    FlagRST current has 3 flow
2024-11-06 23:35:32 DEBUG cic.cs.unb.ca.jnetpcap.FlowGenerator    FlagRST current has 3 flow
2024-11-06 23:35:32 DEBUG cic.cs.unb.ca.jnetpcap.FlowGenerator    FlagRST current has 3 flow
2024-11-06 23:35:32 DEBUG cic.cs.unb.ca.jnetpcap.FlowGenerator    FlagRST current has 3 flow
2024-11-06 23:35:32 DEBUG cic.cs.unb.ca.jnetpcap.FlowGenerator    FlagRST current has 3 flow
2024-11-06 23:35:32 DEBUG cic.cs.unb.ca.jnetpcap.FlowGenerator    FlagRST current has 3 flow
2024-11-06 23:35:32 DEBUG cic.cs.unb.ca.jnetpcap.FlowGenerator    FlagRST current has 3 flow
2024-11-06 23:35:32 DEBUG cic.cs.unb.ca.jnetpcap.FlowGenerator    FlagRST current has 3 flow
2024-11-06 23:35:32 DEBUG cic.cs.unb.ca.jnetpcap.FlowGenerator    FlagRST current has 3 flow
2024-11-06 23:35:32 DEBUG cic.cs.unb.ca.jnetpcap.FlowGenerator    FlagRST current has 3 flow
2024-11-06 23:35:32 DEBUG cic.cs.unb.ca.jnetpcap.FlowGenerator    FlagRST current has 3 flow
2024-11-06 23:35:32 DEBUG cic.cs.unb.ca.jnetpcap.FlowGenerator    FlagRST current has 3 flow
2024-11-06 23:35:32 DEBUG cic.cs.unb.ca.jnetpcap.FlowGenerator    FlagRST current has 3 flow
2024-11-06 23:35:32 DEBUG cic.cs.unb.ca.jnetpcap.FlowGenerator    FlagRST current has 3 flow
2024-11-06 23:35:32 DEBUG cic.cs.unb.ca.jnetpcap.FlowGenerator    FlagRST current has 3 flow
2024-11-06 23:35:53 INFO  cic.cs.unb.ca.flow.ui.FlowMonitorPane    Pcap stop listening
2024-11-06 23:35:53 INFO  cic.cs.unb.ca.flow.ui.FlowMonitorPane    path:/home/minhhuy/Downloads/CICFlowMeter-classifier-20241029T051353Z-001/CICFlowMeter-classifier/data/daily/2024-11-06_Flow.csv
2024-11-06 23:36:42 INFO  cic.cs.unb.ca.jnetpcap.worker.TrafficFlowWorker    Pcap is listening...
2024-11-06 23:37:43 DEBUG cic.cs.unb.ca.jnetpcap.FlowGenerator    FlagRST current has 1 flow
2024-11-06 23:37:43 DEBUG cic.cs.unb.ca.jnetpcap.FlowGenerator    FlagRST current has 1 flow
2024-11-06 23:37:43 DEBUG cic.cs.unb.ca.jnetpcap.FlowGenerator    FlagRST current has 1 flow
2024-11-06 23:37:43 DEBUG cic.cs.unb.ca.jnetpcap.FlowGenerator    FlagRST current has 1 flow
2024-11-06 23:37:43 DEBUG cic.cs.unb.ca.jnetpcap.FlowGenerator    FlagRST current has 1 flow
2024-11-06 23:37:43 DEBUG cic.cs.unb.ca.jnetpcap.FlowGenerator    FlagRST current has 1 flow
2024-11-06 23:37:43 DEBUG cic.cs.unb.ca.jnetpcap.FlowGenerator    FlagRST current has 1 flow
2024-11-06 23:37:43 DEBUG cic.cs.unb.ca.jnetpcap.FlowGenerator    FlagRST current has 1 flow
2024-11-06 23:37:43 DEBUG cic.cs.unb.ca.jnetpcap.FlowGenerator    FlagRST current has 1 flow
2024-11-06 23:37:43 DEBUG cic.cs.unb.ca.jnetpcap.FlowGenerator    FlagRST current has 1 flow
2024-11-06 23:37:43 DEBUG cic.cs.unb.ca.jnetpcap.FlowGenerator    FlagRST current has 1 flow
2024-11-06 23:37:43 DEBUG cic.cs.unb.ca.jnetpcap.FlowGenerator    FlagRST current has 1 flow
2024-11-06 23:37:43 DEBUG cic.cs.unb.ca.jnetpcap.FlowGenerator    FlagRST current has 1 flow
2024-11-06 23:37:43 DEBUG cic.cs.unb.ca.jnetpcap.FlowGenerator    FlagRST current has 1 flow
2024-11-06 23:37:43 DEBUG cic.cs.unb.ca.jnetpcap.FlowGenerator    FlagRST current has 1 flow
2024-11-06 23:37:43 DEBUG cic.cs.unb.ca.jnetpcap.FlowGenerator    FlagRST current has 1 flow
2024-11-06 23:37:43 DEBUG cic.cs.unb.ca.jnetpcap.FlowGenerator    FlagRST current has 1 flow
2024-11-06 23:37:43 DEBUG cic.cs.unb.ca.jnetpcap.FlowGenerator    FlagRST current has 1 flow
2024-11-06 23:37:43 DEBUG cic.cs.unb.ca.jnetpcap.FlowGenerator    FlagRST current has 1 flow
2024-11-06 23:37:43 DEBUG cic.cs.unb.ca.jnetpcap.FlowGenerator    FlagRST current has 2 flow
2024-11-06 23:37:43 DEBUG cic.cs.unb.ca.jnetpcap.FlowGenerator    FlagRST current has 1 flow
2024-11-06 23:37:43 DEBUG cic.cs.unb.ca.jnetpcap.FlowGenerator    FlagRST current has 1 flow
2024-11-06 23:37:43 DEBUG cic.cs.unb.ca.jnetpcap.FlowGenerator    FlagRST current has 1 flow
2024-11-06 23:37:43 DEBUG cic.cs.unb.ca.jnetpcap.FlowGenerator    FlagRST current has 1 flow
2024-11-06 23:37:43 DEBUG cic.cs.unb.ca.jnetpcap.FlowGenerator    FlagRST current has 2 flow
2024-11-06 23:37:43 DEBUG cic.cs.unb.ca.jnetpcap.FlowGenerator    FlagRST current has 1 flow
2024-11-06 23:37:43 DEBUG cic.cs.unb.ca.jnetpcap.FlowGenerator    FlagRST current has 1 flow
2024-11-06 23:37:43 DEBUG cic.cs.unb.ca.jnetpcap.FlowGenerator    FlagRST current has 1 flow
2024-11-06 23:37:43 DEBUG cic.cs.unb.ca.jnetpcap.FlowGenerator    FlagRST current has 1 flow
2024-11-06 23:37:43 DEBUG cic.cs.unb.ca.jnetpcap.FlowGenerator    FlagRST current has 1 flow
2024-11-06 23:37:43 DEBUG cic.cs.unb.ca.jnetpcap.FlowGenerator    FlagRST current has 1 flow
2024-11-06 23:37:43 DEBUG cic.cs.unb.ca.jnetpcap.FlowGenerator    FlagRST current has 1 flow
2024-11-06 23:37:43 DEBUG cic.cs.unb.ca.jnetpcap.FlowGenerator    FlagRST current has 1 flow
2024-11-06 23:37:43 DEBUG cic.cs.unb.ca.jnetpcap.FlowGenerator    FlagRST current has 1 flow
2024-11-06 23:37:43 DEBUG cic.cs.unb.ca.jnetpcap.FlowGenerator    FlagRST current has 1 flow
2024-11-06 23:37:43 DEBUG cic.cs.unb.ca.jnetpcap.FlowGenerator    FlagRST current has 1 flow
2024-11-06 23:37:43 DEBUG cic.cs.unb.ca.jnetpcap.FlowGenerator    FlagRST current has 1 flow
2024-11-06 23:37:43 DEBUG cic.cs.unb.ca.jnetpcap.FlowGenerator    FlagRST current has 1 flow
2024-11-06 23:37:43 DEBUG cic.cs.unb.ca.jnetpcap.FlowGenerator    FlagRST current has 1 flow
2024-11-06 23:37:43 DEBUG cic.cs.unb.ca.jnetpcap.FlowGenerator    FlagRST current has 1 flow
2024-11-06 23:37:43 DEBUG cic.cs.unb.ca.jnetpcap.FlowGenerator    FlagRST current has 1 flow
2024-11-06 23:37:43 DEBUG cic.cs.unb.ca.jnetpcap.FlowGenerator    FlagRST current has 1 flow
2024-11-06 23:37:43 DEBUG cic.cs.unb.ca.jnetpcap.FlowGenerator    FlagRST current has 1 flow
2024-11-06 23:37:43 DEBUG cic.cs.unb.ca.jnetpcap.FlowGenerator    FlagRST current has 1 flow
2024-11-06 23:37:43 DEBUG cic.cs.unb.ca.jnetpcap.FlowGenerator    FlagRST current has 1 flow
2024-11-06 23:37:43 DEBUG cic.cs.unb.ca.jnetpcap.FlowGenerator    FlagRST current has 1 flow
2024-11-06 23:37:43 DEBUG cic.cs.unb.ca.jnetpcap.FlowGenerator    FlagRST current has 2 flow
2024-11-06 23:37:43 DEBUG cic.cs.unb.ca.jnetpcap.FlowGenerator    FlagRST current has 1 flow
2024-11-06 23:37:43 DEBUG cic.cs.unb.ca.jnetpcap.FlowGenerator    FlagRST current has 1 flow
2024-11-06 23:37:43 DEBUG cic.cs.unb.ca.jnetpcap.FlowGenerator    FlagRST current has 1 flow
2024-11-06 23:37:43 DEBUG cic.cs.unb.ca.jnetpcap.FlowGenerator    FlagRST current has 1 flow
2024-11-06 23:37:43 DEBUG cic.cs.unb.ca.jnetpcap.FlowGenerator    FlagRST current has 1 flow
2024-11-06 23:37:43 DEBUG cic.cs.unb.ca.jnetpcap.FlowGenerator    FlagRST current has 1 flow
2024-11-06 23:37:43 DEBUG cic.cs.unb.ca.jnetpcap.FlowGenerator    FlagRST current has 2 flow
2024-11-06 23:37:43 DEBUG cic.cs.unb.ca.jnetpcap.FlowGenerator    FlagRST current has 1 flow
2024-11-06 23:37:43 DEBUG cic.cs.unb.ca.jnetpcap.FlowGenerator    FlagRST current has 1 flow
2024-11-06 23:37:43 DEBUG cic.cs.unb.ca.jnetpcap.FlowGenerator    FlagRST current has 1 flow
2024-11-06 23:37:43 DEBUG cic.cs.unb.ca.jnetpcap.FlowGenerator    FlagRST current has 1 flow
2024-11-06 23:37:43 DEBUG cic.cs.unb.ca.jnetpcap.FlowGenerator    FlagRST current has 1 flow
2024-11-06 23:37:43 DEBUG cic.cs.unb.ca.jnetpcap.FlowGenerator    FlagRST current has 1 flow
2024-11-06 23:37:43 DEBUG cic.cs.unb.ca.jnetpcap.FlowGenerator    FlagRST current has 1 flow
2024-11-06 23:37:43 DEBUG cic.cs.unb.ca.jnetpcap.FlowGenerator    FlagRST current has 1 flow
2024-11-06 23:37:43 DEBUG cic.cs.unb.ca.jnetpcap.FlowGenerator    FlagRST current has 1 flow
2024-11-06 23:37:43 DEBUG cic.cs.unb.ca.jnetpcap.FlowGenerator    FlagRST current has 1 flow
2024-11-06 23:37:43 DEBUG cic.cs.unb.ca.jnetpcap.FlowGenerator    FlagRST current has 1 flow
2024-11-06 23:37:43 DEBUG cic.cs.unb.ca.jnetpcap.FlowGenerator    FlagRST current has 1 flow
2024-11-06 23:37:43 DEBUG cic.cs.unb.ca.jnetpcap.FlowGenerator    FlagRST current has 1 flow
2024-11-06 23:37:43 DEBUG cic.cs.unb.ca.jnetpcap.FlowGenerator    FlagRST current has 1 flow
2024-11-06 23:37:43 DEBUG cic.cs.unb.ca.jnetpcap.FlowGenerator    FlagRST current has 1 flow
2024-11-06 23:37:43 DEBUG cic.cs.unb.ca.jnetpcap.FlowGenerator    FlagRST current has 1 flow
2024-11-06 23:37:43 DEBUG cic.cs.unb.ca.jnetpcap.FlowGenerator    FlagRST current has 1 flow
2024-11-06 23:37:43 DEBUG cic.cs.unb.ca.jnetpcap.FlowGenerator    FlagRST current has 1 flow
2024-11-06 23:37:43 DEBUG cic.cs.unb.ca.jnetpcap.FlowGenerator    FlagRST current has 2 flow
2024-11-06 23:37:43 DEBUG cic.cs.unb.ca.jnetpcap.FlowGenerator    FlagRST current has 1 flow
2024-11-06 23:37:43 DEBUG cic.cs.unb.ca.jnetpcap.FlowGenerator    FlagRST current has 1 flow
2024-11-06 23:37:43 DEBUG cic.cs.unb.ca.jnetpcap.FlowGenerator    FlagRST current has 1 flow
2024-11-06 23:37:43 DEBUG cic.cs.unb.ca.jnetpcap.FlowGenerator    FlagRST current has 1 flow
2024-11-06 23:37:43 DEBUG cic.cs.unb.ca.jnetpcap.FlowGenerator    FlagRST current has 1 flow
2024-11-06 23:37:43 DEBUG cic.cs.unb.ca.jnetpcap.FlowGenerator    FlagRST current has 1 flow
2024-11-06 23:37:43 DEBUG cic.cs.unb.ca.jnetpcap.FlowGenerator    FlagRST current has 1 flow
2024-11-06 23:37:43 DEBUG cic.cs.unb.ca.jnetpcap.FlowGenerator    FlagRST current has 1 flow
2024-11-06 23:37:43 DEBUG cic.cs.unb.ca.jnetpcap.FlowGenerator    FlagRST current has 1 flow
2024-11-06 23:37:43 DEBUG cic.cs.unb.ca.jnetpcap.FlowGenerator    FlagRST current has 1 flow
2024-11-06 23:37:43 DEBUG cic.cs.unb.ca.jnetpcap.FlowGenerator    FlagRST current has 1 flow
2024-11-06 23:37:43 DEBUG cic.cs.unb.ca.jnetpcap.FlowGenerator    FlagRST current has 2 flow
2024-11-06 23:37:43 DEBUG cic.cs.unb.ca.jnetpcap.FlowGenerator    FlagRST current has 1 flow
2024-11-06 23:37:43 DEBUG cic.cs.unb.ca.jnetpcap.FlowGenerator    FlagRST current has 1 flow
2024-11-06 23:37:43 DEBUG cic.cs.unb.ca.jnetpcap.FlowGenerator    FlagRST current has 1 flow
2024-11-06 23:37:43 DEBUG cic.cs.unb.ca.jnetpcap.FlowGenerator    FlagRST current has 2 flow
2024-11-06 23:37:43 DEBUG cic.cs.unb.ca.jnetpcap.FlowGenerator    FlagRST current has 1 flow
2024-11-06 23:37:43 DEBUG cic.cs.unb.ca.jnetpcap.FlowGenerator    FlagRST current has 1 flow
2024-11-06 23:37:43 DEBUG cic.cs.unb.ca.jnetpcap.FlowGenerator    FlagRST current has 1 flow
2024-11-06 23:37:43 DEBUG cic.cs.unb.ca.jnetpcap.FlowGenerator    FlagRST current has 1 flow
2024-11-06 23:37:43 DEBUG cic.cs.unb.ca.jnetpcap.FlowGenerator    FlagRST current has 1 flow
2024-11-06 23:37:43 DEBUG cic.cs.unb.ca.jnetpcap.FlowGenerator    FlagRST current has 1 flow
2024-11-06 23:37:43 DEBUG cic.cs.unb.ca.jnetpcap.FlowGenerator    FlagRST current has 1 flow
2024-11-06 23:37:43 DEBUG cic.cs.unb.ca.jnetpcap.FlowGenerator    FlagRST current has 1 flow
2024-11-06 23:37:43 DEBUG cic.cs.unb.ca.jnetpcap.FlowGenerator    FlagRST current has 1 flow
2024-11-06 23:37:43 DEBUG cic.cs.unb.ca.jnetpcap.FlowGenerator    FlagRST current has 1 flow
2024-11-06 23:37:43 DEBUG cic.cs.unb.ca.jnetpcap.FlowGenerator    FlagRST current has 1 flow
2024-11-06 23:37:43 DEBUG cic.cs.unb.ca.jnetpcap.FlowGenerator    FlagRST current has 1 flow
2024-11-06 23:37:43 DEBUG cic.cs.unb.ca.jnetpcap.FlowGenerator    FlagRST current has 1 flow
2024-11-06 23:37:43 DEBUG cic.cs.unb.ca.jnetpcap.FlowGenerator    FlagRST current has 1 flow
2024-11-06 23:37:43 DEBUG cic.cs.unb.ca.jnetpcap.FlowGenerator    FlagRST current has 1 flow
2024-11-06 23:37:43 DEBUG cic.cs.unb.ca.jnetpcap.FlowGenerator    FlagRST current has 1 flow
2024-11-06 23:37:43 DEBUG cic.cs.unb.ca.jnetpcap.FlowGenerator    FlagRST current has 2 flow
2024-11-06 23:37:43 DEBUG cic.cs.unb.ca.jnetpcap.FlowGenerator    FlagRST current has 1 flow
2024-11-06 23:37:43 DEBUG cic.cs.unb.ca.jnetpcap.FlowGenerator    FlagRST current has 1 flow
2024-11-06 23:37:43 DEBUG cic.cs.unb.ca.jnetpcap.FlowGenerator    FlagRST current has 1 flow
2024-11-06 23:37:43 DEBUG cic.cs.unb.ca.jnetpcap.FlowGenerator    FlagRST current has 1 flow
2024-11-06 23:37:43 DEBUG cic.cs.unb.ca.jnetpcap.FlowGenerator    FlagRST current has 1 flow
2024-11-06 23:37:43 DEBUG cic.cs.unb.ca.jnetpcap.FlowGenerator    FlagRST current has 1 flow
2024-11-06 23:37:43 DEBUG cic.cs.unb.ca.jnetpcap.FlowGenerator    FlagRST current has 1 flow
2024-11-06 23:37:43 DEBUG cic.cs.unb.ca.jnetpcap.FlowGenerator    FlagRST current has 1 flow
2024-11-06 23:37:43 DEBUG cic.cs.unb.ca.jnetpcap.FlowGenerator    FlagRST current has 1 flow
2024-11-06 23:37:43 DEBUG cic.cs.unb.ca.jnetpcap.FlowGenerator    FlagRST current has 1 flow
2024-11-06 23:37:43 DEBUG cic.cs.unb.ca.jnetpcap.FlowGenerator    FlagRST current has 2 flow
2024-11-06 23:37:43 DEBUG cic.cs.unb.ca.jnetpcap.FlowGenerator    FlagRST current has 1 flow
2024-11-06 23:37:43 DEBUG cic.cs.unb.ca.jnetpcap.FlowGenerator    FlagRST current has 1 flow
2024-11-06 23:37:43 DEBUG cic.cs.unb.ca.jnetpcap.FlowGenerator    FlagRST current has 1 flow
2024-11-06 23:37:43 DEBUG cic.cs.unb.ca.jnetpcap.FlowGenerator    FlagRST current has 1 flow
2024-11-06 23:37:43 DEBUG cic.cs.unb.ca.jnetpcap.FlowGenerator    FlagRST current has 1 flow
2024-11-06 23:37:43 DEBUG cic.cs.unb.ca.jnetpcap.FlowGenerator    FlagRST current has 1 flow
2024-11-06 23:37:43 DEBUG cic.cs.unb.ca.jnetpcap.FlowGenerator    FlagRST current has 1 flow
2024-11-06 23:37:43 DEBUG cic.cs.unb.ca.jnetpcap.FlowGenerator    FlagRST current has 1 flow
2024-11-06 23:37:43 DEBUG cic.cs.unb.ca.jnetpcap.FlowGenerator    FlagRST current has 1 flow
2024-11-06 23:37:43 DEBUG cic.cs.unb.ca.jnetpcap.FlowGenerator    FlagRST current has 1 flow
2024-11-06 23:37:43 DEBUG cic.cs.unb.ca.jnetpcap.FlowGenerator    FlagRST current has 1 flow
2024-11-06 23:37:43 DEBUG cic.cs.unb.ca.jnetpcap.FlowGenerator    FlagRST current has 1 flow
2024-11-06 23:37:43 DEBUG cic.cs.unb.ca.jnetpcap.FlowGenerator    FlagRST current has 1 flow
2024-11-06 23:37:43 DEBUG cic.cs.unb.ca.jnetpcap.FlowGenerator    FlagRST current has 1 flow
2024-11-06 23:37:43 DEBUG cic.cs.unb.ca.jnetpcap.FlowGenerator    FlagRST current has 1 flow
2024-11-06 23:37:43 DEBUG cic.cs.unb.ca.jnetpcap.FlowGenerator    FlagRST current has 1 flow
2024-11-06 23:37:43 DEBUG cic.cs.unb.ca.jnetpcap.FlowGenerator    FlagRST current has 1 flow
2024-11-06 23:37:43 DEBUG cic.cs.unb.ca.jnetpcap.FlowGenerator    FlagRST current has 1 flow
2024-11-06 23:37:43 DEBUG cic.cs.unb.ca.jnetpcap.FlowGenerator    FlagRST current has 2 flow
2024-11-06 23:37:43 DEBUG cic.cs.unb.ca.jnetpcap.FlowGenerator    FlagRST current has 1 flow
2024-11-06 23:37:43 DEBUG cic.cs.unb.ca.jnetpcap.FlowGenerator    FlagRST current has 1 flow
2024-11-06 23:37:43 DEBUG cic.cs.unb.ca.jnetpcap.FlowGenerator    FlagRST current has 1 flow
2024-11-06 23:37:43 DEBUG cic.cs.unb.ca.jnetpcap.FlowGenerator    FlagRST current has 1 flow
2024-11-06 23:37:43 DEBUG cic.cs.unb.ca.jnetpcap.FlowGenerator    FlagRST current has 1 flow
2024-11-06 23:37:43 DEBUG cic.cs.unb.ca.jnetpcap.FlowGenerator    FlagRST current has 2 flow
2024-11-06 23:37:43 DEBUG cic.cs.unb.ca.jnetpcap.FlowGenerator    FlagRST current has 1 flow
2024-11-06 23:37:43 DEBUG cic.cs.unb.ca.jnetpcap.FlowGenerator    FlagRST current has 1 flow
2024-11-06 23:37:43 DEBUG cic.cs.unb.ca.jnetpcap.FlowGenerator    FlagRST current has 2 flow
2024-11-06 23:37:43 DEBUG cic.cs.unb.ca.jnetpcap.FlowGenerator    FlagRST current has 1 flow
2024-11-06 23:37:43 DEBUG cic.cs.unb.ca.jnetpcap.FlowGenerator    FlagRST current has 1 flow
2024-11-06 23:37:43 DEBUG cic.cs.unb.ca.jnetpcap.FlowGenerator    FlagRST current has 1 flow
2024-11-06 23:37:43 DEBUG cic.cs.unb.ca.jnetpcap.FlowGenerator    FlagRST current has 1 flow
2024-11-06 23:37:43 DEBUG cic.cs.unb.ca.jnetpcap.FlowGenerator    FlagRST current has 1 flow
2024-11-06 23:37:43 DEBUG cic.cs.unb.ca.jnetpcap.FlowGenerator    FlagRST current has 1 flow
2024-11-06 23:37:43 DEBUG cic.cs.unb.ca.jnetpcap.FlowGenerator    FlagRST current has 1 flow
2024-11-06 23:37:43 DEBUG cic.cs.unb.ca.jnetpcap.FlowGenerator    FlagRST current has 1 flow
2024-11-06 23:37:43 DEBUG cic.cs.unb.ca.jnetpcap.FlowGenerator    FlagRST current has 1 flow
2024-11-06 23:37:43 DEBUG cic.cs.unb.ca.jnetpcap.FlowGenerator    FlagRST current has 1 flow
2024-11-06 23:37:43 DEBUG cic.cs.unb.ca.jnetpcap.FlowGenerator    FlagRST current has 1 flow
2024-11-06 23:37:43 DEBUG cic.cs.unb.ca.jnetpcap.FlowGenerator    FlagRST current has 1 flow
2024-11-06 23:37:43 DEBUG cic.cs.unb.ca.jnetpcap.FlowGenerator    FlagRST current has 1 flow
2024-11-06 23:37:43 DEBUG cic.cs.unb.ca.jnetpcap.FlowGenerator    FlagRST current has 1 flow
2024-11-06 23:37:43 DEBUG cic.cs.unb.ca.jnetpcap.FlowGenerator    FlagRST current has 1 flow
2024-11-06 23:37:43 DEBUG cic.cs.unb.ca.jnetpcap.FlowGenerator    FlagRST current has 1 flow
2024-11-06 23:37:43 DEBUG cic.cs.unb.ca.jnetpcap.FlowGenerator    FlagRST current has 1 flow
2024-11-06 23:37:43 DEBUG cic.cs.unb.ca.jnetpcap.FlowGenerator    FlagRST current has 1 flow
2024-11-06 23:37:43 DEBUG cic.cs.unb.ca.jnetpcap.FlowGenerator    FlagRST current has 1 flow
2024-11-06 23:37:43 DEBUG cic.cs.unb.ca.jnetpcap.FlowGenerator    FlagRST current has 2 flow
2024-11-06 23:37:43 DEBUG cic.cs.unb.ca.jnetpcap.FlowGenerator    FlagRST current has 1 flow
2024-11-06 23:37:43 DEBUG cic.cs.unb.ca.jnetpcap.FlowGenerator    FlagRST current has 1 flow
2024-11-06 23:37:43 DEBUG cic.cs.unb.ca.jnetpcap.FlowGenerator    FlagRST current has 1 flow
2024-11-06 23:37:43 DEBUG cic.cs.unb.ca.jnetpcap.FlowGenerator    FlagRST current has 1 flow
2024-11-06 23:37:43 DEBUG cic.cs.unb.ca.jnetpcap.FlowGenerator    FlagRST current has 1 flow
2024-11-06 23:37:43 DEBUG cic.cs.unb.ca.jnetpcap.FlowGenerator    FlagRST current has 1 flow
2024-11-06 23:37:43 DEBUG cic.cs.unb.ca.jnetpcap.FlowGenerator    FlagRST current has 1 flow
2024-11-06 23:37:43 DEBUG cic.cs.unb.ca.jnetpcap.FlowGenerator    FlagRST current has 1 flow
2024-11-06 23:37:43 DEBUG cic.cs.unb.ca.jnetpcap.FlowGenerator    FlagRST current has 1 flow
2024-11-06 23:37:43 DEBUG cic.cs.unb.ca.jnetpcap.FlowGenerator    FlagRST current has 1 flow
2024-11-06 23:37:43 DEBUG cic.cs.unb.ca.jnetpcap.FlowGenerator    FlagRST current has 1 flow
2024-11-06 23:37:43 DEBUG cic.cs.unb.ca.jnetpcap.FlowGenerator    FlagRST current has 1 flow
2024-11-06 23:37:43 DEBUG cic.cs.unb.ca.jnetpcap.FlowGenerator    FlagRST current has 1 flow
2024-11-06 23:37:43 DEBUG cic.cs.unb.ca.jnetpcap.FlowGenerator    FlagRST current has 1 flow
2024-11-06 23:37:43 DEBUG cic.cs.unb.ca.jnetpcap.FlowGenerator    FlagRST current has 1 flow
2024-11-06 23:37:43 DEBUG cic.cs.unb.ca.jnetpcap.FlowGenerator    FlagRST current has 1 flow
2024-11-06 23:37:43 DEBUG cic.cs.unb.ca.jnetpcap.FlowGenerator    FlagRST current has 1 flow
2024-11-06 23:37:43 DEBUG cic.cs.unb.ca.jnetpcap.FlowGenerator    FlagRST current has 1 flow
2024-11-06 23:37:43 DEBUG cic.cs.unb.ca.jnetpcap.FlowGenerator    FlagRST current has 1 flow
2024-11-06 23:37:43 DEBUG cic.cs.unb.ca.jnetpcap.FlowGenerator    FlagRST current has 1 flow
2024-11-06 23:37:43 DEBUG cic.cs.unb.ca.jnetpcap.FlowGenerator    FlagRST current has 1 flow
2024-11-06 23:37:43 DEBUG cic.cs.unb.ca.jnetpcap.FlowGenerator    FlagRST current has 1 flow
2024-11-06 23:37:43 DEBUG cic.cs.unb.ca.jnetpcap.FlowGenerator    FlagRST current has 1 flow
2024-11-06 23:37:43 DEBUG cic.cs.unb.ca.jnetpcap.FlowGenerator    FlagRST current has 1 flow
2024-11-06 23:37:43 DEBUG cic.cs.unb.ca.jnetpcap.FlowGenerator    FlagRST current has 1 flow
2024-11-06 23:37:43 DEBUG cic.cs.unb.ca.jnetpcap.FlowGenerator    FlagRST current has 1 flow
2024-11-06 23:37:43 DEBUG cic.cs.unb.ca.jnetpcap.FlowGenerator    FlagRST current has 1 flow
2024-11-06 23:37:43 DEBUG cic.cs.unb.ca.jnetpcap.FlowGenerator    FlagRST current has 1 flow
2024-11-06 23:37:43 DEBUG cic.cs.unb.ca.jnetpcap.FlowGenerator    FlagRST current has 1 flow
2024-11-06 23:37:43 DEBUG cic.cs.unb.ca.jnetpcap.FlowGenerator    FlagRST current has 1 flow
2024-11-06 23:37:43 DEBUG cic.cs.unb.ca.jnetpcap.FlowGenerator    FlagRST current has 1 flow
2024-11-06 23:37:43 DEBUG cic.cs.unb.ca.jnetpcap.FlowGenerator    FlagRST current has 1 flow
2024-11-06 23:37:43 DEBUG cic.cs.unb.ca.jnetpcap.FlowGenerator    FlagRST current has 1 flow
2024-11-06 23:37:43 DEBUG cic.cs.unb.ca.jnetpcap.FlowGenerator    FlagRST current has 1 flow
2024-11-06 23:37:43 DEBUG cic.cs.unb.ca.jnetpcap.FlowGenerator    FlagRST current has 1 flow
2024-11-06 23:38:52 INFO  cic.cs.unb.ca.flow.ui.FlowMonitorPane    Pcap stop listening
2024-11-06 23:38:52 INFO  cic.cs.unb.ca.flow.ui.FlowMonitorPane    path:/home/minhhuy/Downloads/CICFlowMeter-classifier-20241029T051353Z-001/CICFlowMeter-classifier/data/daily/2024-11-06_Flow.csv
2024-11-06 23:38:52 DEBUG cic.cs.unb.ca.jnetpcap.worker.TrafficFlowWorker    break Packet loop
2024-11-06 23:39:21 INFO  cic.cs.unb.ca.flow.ui.FlowMonitorPane    path:/home/minhhuy/Downloads/CICFlowMeter-classifier-20241029T051353Z-001/CICFlowMeter-classifier/data/daily/2024-11-06_Flow.csv
2024-11-06 23:39:35 INFO  cic.cs.unb.ca.jnetpcap.worker.TrafficFlowWorker    Pcap is listening...
2024-11-06 23:40:37 DEBUG cic.cs.unb.ca.jnetpcap.FlowGenerator    FlagRST current has 1 flow
2024-11-06 23:40:37 DEBUG cic.cs.unb.ca.jnetpcap.FlowGenerator    FlagRST current has 1 flow
2024-11-06 23:40:37 DEBUG cic.cs.unb.ca.jnetpcap.FlowGenerator    FlagRST current has 1 flow
2024-11-06 23:40:37 DEBUG cic.cs.unb.ca.jnetpcap.FlowGenerator    FlagRST current has 1 flow
2024-11-06 23:40:37 DEBUG cic.cs.unb.ca.jnetpcap.FlowGenerator    FlagRST current has 1 flow
2024-11-06 23:40:37 DEBUG cic.cs.unb.ca.jnetpcap.FlowGenerator    FlagRST current has 1 flow
2024-11-06 23:40:37 DEBUG cic.cs.unb.ca.jnetpcap.FlowGenerator    FlagRST current has 1 flow
2024-11-06 23:40:37 DEBUG cic.cs.unb.ca.jnetpcap.FlowGenerator    FlagRST current has 1 flow
2024-11-06 23:40:37 DEBUG cic.cs.unb.ca.jnetpcap.FlowGenerator    FlagRST current has 1 flow
2024-11-06 23:40:37 DEBUG cic.cs.unb.ca.jnetpcap.FlowGenerator    FlagRST current has 1 flow
2024-11-06 23:40:37 DEBUG cic.cs.unb.ca.jnetpcap.FlowGenerator    FlagRST current has 1 flow
2024-11-06 23:40:37 DEBUG cic.cs.unb.ca.jnetpcap.FlowGenerator    FlagRST current has 1 flow
2024-11-06 23:40:37 DEBUG cic.cs.unb.ca.jnetpcap.FlowGenerator    FlagRST current has 1 flow
2024-11-06 23:40:37 DEBUG cic.cs.unb.ca.jnetpcap.FlowGenerator    FlagRST current has 1 flow
2024-11-06 23:40:37 DEBUG cic.cs.unb.ca.jnetpcap.FlowGenerator    FlagRST current has 1 flow
2024-11-06 23:40:37 DEBUG cic.cs.unb.ca.jnetpcap.FlowGenerator    FlagRST current has 1 flow
2024-11-06 23:40:37 DEBUG cic.cs.unb.ca.jnetpcap.FlowGenerator    FlagRST current has 1 flow
2024-11-06 23:40:37 DEBUG cic.cs.unb.ca.jnetpcap.FlowGenerator    FlagRST current has 1 flow
2024-11-06 23:40:37 DEBUG cic.cs.unb.ca.jnetpcap.FlowGenerator    FlagRST current has 1 flow
2024-11-06 23:40:37 DEBUG cic.cs.unb.ca.jnetpcap.FlowGenerator    FlagRST current has 1 flow
2024-11-06 23:40:37 DEBUG cic.cs.unb.ca.jnetpcap.FlowGenerator    FlagRST current has 1 flow
2024-11-06 23:40:37 DEBUG cic.cs.unb.ca.jnetpcap.FlowGenerator    FlagRST current has 1 flow
2024-11-06 23:40:37 DEBUG cic.cs.unb.ca.jnetpcap.FlowGenerator    FlagRST current has 1 flow
2024-11-06 23:40:37 DEBUG cic.cs.unb.ca.jnetpcap.FlowGenerator    FlagRST current has 1 flow
2024-11-06 23:40:37 DEBUG cic.cs.unb.ca.jnetpcap.FlowGenerator    FlagRST current has 1 flow
2024-11-06 23:40:37 DEBUG cic.cs.unb.ca.jnetpcap.FlowGenerator    FlagRST current has 1 flow
2024-11-06 23:40:37 DEBUG cic.cs.unb.ca.jnetpcap.FlowGenerator    FlagRST current has 1 flow
2024-11-06 23:40:37 DEBUG cic.cs.unb.ca.jnetpcap.FlowGenerator    FlagRST current has 1 flow
2024-11-06 23:40:37 DEBUG cic.cs.unb.ca.jnetpcap.FlowGenerator    FlagRST current has 1 flow
2024-11-06 23:40:37 DEBUG cic.cs.unb.ca.jnetpcap.FlowGenerator    FlagRST current has 1 flow
2024-11-06 23:40:37 DEBUG cic.cs.unb.ca.jnetpcap.FlowGenerator    FlagRST current has 1 flow
2024-11-06 23:40:37 DEBUG cic.cs.unb.ca.jnetpcap.FlowGenerator    FlagRST current has 1 flow
2024-11-06 23:40:37 DEBUG cic.cs.unb.ca.jnetpcap.FlowGenerator    FlagRST current has 1 flow
2024-11-06 23:40:37 DEBUG cic.cs.unb.ca.jnetpcap.FlowGenerator    FlagRST current has 1 flow
2024-11-06 23:40:37 DEBUG cic.cs.unb.ca.jnetpcap.FlowGenerator    FlagRST current has 1 flow
2024-11-06 23:40:37 DEBUG cic.cs.unb.ca.jnetpcap.FlowGenerator    FlagRST current has 1 flow
2024-11-06 23:40:37 DEBUG cic.cs.unb.ca.jnetpcap.FlowGenerator    FlagRST current has 1 flow
2024-11-06 23:40:37 DEBUG cic.cs.unb.ca.jnetpcap.FlowGenerator    FlagRST current has 1 flow
2024-11-06 23:40:37 DEBUG cic.cs.unb.ca.jnetpcap.FlowGenerator    FlagRST current has 1 flow
2024-11-06 23:40:37 DEBUG cic.cs.unb.ca.jnetpcap.FlowGenerator    FlagRST current has 1 flow
2024-11-06 23:40:37 DEBUG cic.cs.unb.ca.jnetpcap.FlowGenerator    FlagRST current has 1 flow
2024-11-06 23:40:37 DEBUG cic.cs.unb.ca.jnetpcap.FlowGenerator    FlagRST current has 2 flow
2024-11-06 23:40:37 DEBUG cic.cs.unb.ca.jnetpcap.FlowGenerator    FlagRST current has 1 flow
2024-11-06 23:40:37 DEBUG cic.cs.unb.ca.jnetpcap.FlowGenerator    FlagRST current has 1 flow
2024-11-06 23:40:37 DEBUG cic.cs.unb.ca.jnetpcap.FlowGenerator    FlagRST current has 1 flow
2024-11-06 23:40:37 DEBUG cic.cs.unb.ca.jnetpcap.FlowGenerator    FlagRST current has 1 flow
2024-11-06 23:40:37 DEBUG cic.cs.unb.ca.jnetpcap.FlowGenerator    FlagRST current has 1 flow
2024-11-06 23:40:37 DEBUG cic.cs.unb.ca.jnetpcap.FlowGenerator    FlagRST current has 1 flow
2024-11-06 23:40:37 DEBUG cic.cs.unb.ca.jnetpcap.FlowGenerator    FlagRST current has 1 flow
2024-11-06 23:40:37 DEBUG cic.cs.unb.ca.jnetpcap.FlowGenerator    FlagRST current has 1 flow
2024-11-06 23:40:37 DEBUG cic.cs.unb.ca.jnetpcap.FlowGenerator    FlagRST current has 1 flow
2024-11-06 23:40:37 DEBUG cic.cs.unb.ca.jnetpcap.FlowGenerator    FlagRST current has 1 flow
2024-11-06 23:40:37 DEBUG cic.cs.unb.ca.jnetpcap.FlowGenerator    FlagRST current has 1 flow
2024-11-06 23:40:37 DEBUG cic.cs.unb.ca.jnetpcap.FlowGenerator    FlagRST current has 1 flow
2024-11-06 23:40:37 DEBUG cic.cs.unb.ca.jnetpcap.FlowGenerator    FlagRST current has 1 flow
2024-11-06 23:40:37 DEBUG cic.cs.unb.ca.jnetpcap.FlowGenerator    FlagRST current has 1 flow
2024-11-06 23:40:37 DEBUG cic.cs.unb.ca.jnetpcap.FlowGenerator    FlagRST current has 1 flow
2024-11-06 23:40:37 DEBUG cic.cs.unb.ca.jnetpcap.FlowGenerator    FlagRST current has 1 flow
2024-11-06 23:40:37 DEBUG cic.cs.unb.ca.jnetpcap.FlowGenerator    FlagRST current has 2 flow
2024-11-06 23:40:37 DEBUG cic.cs.unb.ca.jnetpcap.FlowGenerator    FlagRST current has 1 flow
2024-11-06 23:40:37 DEBUG cic.cs.unb.ca.jnetpcap.FlowGenerator    FlagRST current has 1 flow
2024-11-06 23:40:37 DEBUG cic.cs.unb.ca.jnetpcap.FlowGenerator    FlagRST current has 1 flow
2024-11-06 23:40:37 DEBUG cic.cs.unb.ca.jnetpcap.FlowGenerator    FlagRST current has 1 flow
2024-11-06 23:40:37 DEBUG cic.cs.unb.ca.jnetpcap.FlowGenerator    FlagRST current has 2 flow
2024-11-06 23:40:37 DEBUG cic.cs.unb.ca.jnetpcap.FlowGenerator    FlagRST current has 1 flow
2024-11-06 23:40:37 DEBUG cic.cs.unb.ca.jnetpcap.FlowGenerator    FlagRST current has 1 flow
2024-11-06 23:40:37 DEBUG cic.cs.unb.ca.jnetpcap.FlowGenerator    FlagRST current has 1 flow
2024-11-06 23:40:37 DEBUG cic.cs.unb.ca.jnetpcap.FlowGenerator    FlagRST current has 1 flow
2024-11-06 23:40:37 DEBUG cic.cs.unb.ca.jnetpcap.FlowGenerator    FlagRST current has 1 flow
2024-11-06 23:40:37 DEBUG cic.cs.unb.ca.jnetpcap.FlowGenerator    FlagRST current has 1 flow
2024-11-06 23:40:37 DEBUG cic.cs.unb.ca.jnetpcap.FlowGenerator    FlagRST current has 1 flow
2024-11-06 23:40:37 DEBUG cic.cs.unb.ca.jnetpcap.FlowGenerator    FlagRST current has 1 flow
2024-11-06 23:40:37 DEBUG cic.cs.unb.ca.jnetpcap.FlowGenerator    FlagRST current has 1 flow
2024-11-06 23:40:37 DEBUG cic.cs.unb.ca.jnetpcap.FlowGenerator    FlagRST current has 1 flow
2024-11-06 23:40:37 DEBUG cic.cs.unb.ca.jnetpcap.FlowGenerator    FlagRST current has 1 flow
2024-11-06 23:40:37 DEBUG cic.cs.unb.ca.jnetpcap.FlowGenerator    FlagRST current has 1 flow
2024-11-06 23:40:37 DEBUG cic.cs.unb.ca.jnetpcap.FlowGenerator    FlagRST current has 1 flow
2024-11-06 23:40:37 DEBUG cic.cs.unb.ca.jnetpcap.FlowGenerator    FlagRST current has 1 flow
2024-11-06 23:40:37 DEBUG cic.cs.unb.ca.jnetpcap.FlowGenerator    FlagRST current has 1 flow
2024-11-06 23:40:37 DEBUG cic.cs.unb.ca.jnetpcap.FlowGenerator    FlagRST current has 1 flow
2024-11-06 23:40:37 DEBUG cic.cs.unb.ca.jnetpcap.FlowGenerator    FlagRST current has 2 flow
2024-11-06 23:40:37 DEBUG cic.cs.unb.ca.jnetpcap.FlowGenerator    FlagRST current has 1 flow
2024-11-06 23:40:37 DEBUG cic.cs.unb.ca.jnetpcap.FlowGenerator    FlagRST current has 1 flow
2024-11-06 23:40:37 DEBUG cic.cs.unb.ca.jnetpcap.FlowGenerator    FlagRST current has 1 flow
2024-11-06 23:40:37 DEBUG cic.cs.unb.ca.jnetpcap.FlowGenerator    FlagRST current has 1 flow
2024-11-06 23:40:37 DEBUG cic.cs.unb.ca.jnetpcap.FlowGenerator    FlagRST current has 1 flow
2024-11-06 23:40:37 DEBUG cic.cs.unb.ca.jnetpcap.FlowGenerator    FlagRST current has 1 flow
2024-11-06 23:40:37 DEBUG cic.cs.unb.ca.jnetpcap.FlowGenerator    FlagRST current has 1 flow
2024-11-06 23:40:37 DEBUG cic.cs.unb.ca.jnetpcap.FlowGenerator    FlagRST current has 1 flow
2024-11-06 23:40:37 DEBUG cic.cs.unb.ca.jnetpcap.FlowGenerator    FlagRST current has 1 flow
2024-11-06 23:40:37 DEBUG cic.cs.unb.ca.jnetpcap.FlowGenerator    FlagRST current has 1 flow
2024-11-06 23:40:37 DEBUG cic.cs.unb.ca.jnetpcap.FlowGenerator    FlagRST current has 1 flow
2024-11-06 23:40:37 DEBUG cic.cs.unb.ca.jnetpcap.FlowGenerator    FlagRST current has 1 flow
2024-11-06 23:40:37 DEBUG cic.cs.unb.ca.jnetpcap.FlowGenerator    FlagRST current has 1 flow
2024-11-06 23:40:37 DEBUG cic.cs.unb.ca.jnetpcap.FlowGenerator    FlagRST current has 1 flow
2024-11-06 23:40:37 DEBUG cic.cs.unb.ca.jnetpcap.FlowGenerator    FlagRST current has 1 flow
2024-11-06 23:40:37 DEBUG cic.cs.unb.ca.jnetpcap.FlowGenerator    FlagRST current has 1 flow
2024-11-06 23:40:37 DEBUG cic.cs.unb.ca.jnetpcap.FlowGenerator    FlagRST current has 1 flow
2024-11-06 23:40:37 DEBUG cic.cs.unb.ca.jnetpcap.FlowGenerator    FlagRST current has 1 flow
2024-11-06 23:40:37 DEBUG cic.cs.unb.ca.jnetpcap.FlowGenerator    FlagRST current has 1 flow
2024-11-06 23:40:37 DEBUG cic.cs.unb.ca.jnetpcap.FlowGenerator    FlagRST current has 1 flow
2024-11-06 23:40:37 DEBUG cic.cs.unb.ca.jnetpcap.FlowGenerator    FlagRST current has 1 flow
2024-11-06 23:40:37 DEBUG cic.cs.unb.ca.jnetpcap.FlowGenerator    FlagRST current has 1 flow
2024-11-06 23:40:37 DEBUG cic.cs.unb.ca.jnetpcap.FlowGenerator    FlagRST current has 1 flow
2024-11-06 23:40:37 DEBUG cic.cs.unb.ca.jnetpcap.FlowGenerator    FlagRST current has 1 flow
2024-11-06 23:40:37 DEBUG cic.cs.unb.ca.jnetpcap.FlowGenerator    FlagRST current has 1 flow
2024-11-06 23:40:37 DEBUG cic.cs.unb.ca.jnetpcap.FlowGenerator    FlagRST current has 1 flow
2024-11-06 23:40:37 DEBUG cic.cs.unb.ca.jnetpcap.FlowGenerator    FlagRST current has 1 flow
2024-11-06 23:40:37 DEBUG cic.cs.unb.ca.jnetpcap.FlowGenerator    FlagRST current has 1 flow
2024-11-06 23:40:37 DEBUG cic.cs.unb.ca.jnetpcap.FlowGenerator    FlagRST current has 1 flow
2024-11-06 23:40:37 DEBUG cic.cs.unb.ca.jnetpcap.FlowGenerator    FlagRST current has 1 flow
2024-11-06 23:40:37 DEBUG cic.cs.unb.ca.jnetpcap.FlowGenerator    FlagRST current has 1 flow
2024-11-06 23:40:37 DEBUG cic.cs.unb.ca.jnetpcap.FlowGenerator    FlagRST current has 1 flow
2024-11-06 23:40:37 DEBUG cic.cs.unb.ca.jnetpcap.FlowGenerator    FlagRST current has 1 flow
2024-11-06 23:40:37 DEBUG cic.cs.unb.ca.jnetpcap.FlowGenerator    FlagRST current has 1 flow
2024-11-06 23:40:37 DEBUG cic.cs.unb.ca.jnetpcap.FlowGenerator    FlagRST current has 1 flow
2024-11-06 23:40:37 DEBUG cic.cs.unb.ca.jnetpcap.FlowGenerator    FlagRST current has 1 flow
2024-11-06 23:40:37 DEBUG cic.cs.unb.ca.jnetpcap.FlowGenerator    FlagRST current has 1 flow
2024-11-06 23:40:37 DEBUG cic.cs.unb.ca.jnetpcap.FlowGenerator    FlagRST current has 1 flow
2024-11-06 23:40:37 DEBUG cic.cs.unb.ca.jnetpcap.FlowGenerator    FlagRST current has 1 flow
2024-11-06 23:40:37 DEBUG cic.cs.unb.ca.jnetpcap.FlowGenerator    FlagRST current has 1 flow
2024-11-06 23:40:37 DEBUG cic.cs.unb.ca.jnetpcap.FlowGenerator    FlagRST current has 1 flow
2024-11-06 23:40:37 DEBUG cic.cs.unb.ca.jnetpcap.FlowGenerator    FlagRST current has 1 flow
2024-11-06 23:40:37 DEBUG cic.cs.unb.ca.jnetpcap.FlowGenerator    FlagRST current has 1 flow
2024-11-06 23:40:37 DEBUG cic.cs.unb.ca.jnetpcap.FlowGenerator    FlagRST current has 1 flow
2024-11-06 23:40:37 DEBUG cic.cs.unb.ca.jnetpcap.FlowGenerator    FlagRST current has 1 flow
2024-11-06 23:40:37 DEBUG cic.cs.unb.ca.jnetpcap.FlowGenerator    FlagRST current has 1 flow
2024-11-06 23:40:37 DEBUG cic.cs.unb.ca.jnetpcap.FlowGenerator    FlagRST current has 1 flow
2024-11-06 23:40:37 DEBUG cic.cs.unb.ca.jnetpcap.FlowGenerator    FlagRST current has 1 flow
2024-11-06 23:40:37 DEBUG cic.cs.unb.ca.jnetpcap.FlowGenerator    FlagRST current has 1 flow
2024-11-06 23:40:37 DEBUG cic.cs.unb.ca.jnetpcap.FlowGenerator    FlagRST current has 1 flow
2024-11-06 23:40:37 DEBUG cic.cs.unb.ca.jnetpcap.FlowGenerator    FlagRST current has 1 flow
2024-11-06 23:40:37 DEBUG cic.cs.unb.ca.jnetpcap.FlowGenerator    FlagRST current has 1 flow
2024-11-06 23:40:37 DEBUG cic.cs.unb.ca.jnetpcap.FlowGenerator    FlagRST current has 1 flow
2024-11-06 23:40:37 DEBUG cic.cs.unb.ca.jnetpcap.FlowGenerator    FlagRST current has 1 flow
2024-11-06 23:40:37 DEBUG cic.cs.unb.ca.jnetpcap.FlowGenerator    FlagRST current has 1 flow
2024-11-06 23:40:37 DEBUG cic.cs.unb.ca.jnetpcap.FlowGenerator    FlagRST current has 1 flow
2024-11-06 23:40:37 DEBUG cic.cs.unb.ca.jnetpcap.FlowGenerator    FlagRST current has 1 flow
2024-11-06 23:40:37 DEBUG cic.cs.unb.ca.jnetpcap.FlowGenerator    FlagRST current has 1 flow
2024-11-06 23:40:37 DEBUG cic.cs.unb.ca.jnetpcap.FlowGenerator    FlagRST current has 1 flow
2024-11-06 23:40:37 DEBUG cic.cs.unb.ca.jnetpcap.FlowGenerator    FlagRST current has 1 flow
2024-11-06 23:40:37 DEBUG cic.cs.unb.ca.jnetpcap.FlowGenerator    FlagRST current has 1 flow
2024-11-06 23:40:37 DEBUG cic.cs.unb.ca.jnetpcap.FlowGenerator    FlagRST current has 1 flow
2024-11-06 23:40:37 DEBUG cic.cs.unb.ca.jnetpcap.FlowGenerator    FlagRST current has 2 flow
2024-11-06 23:40:37 DEBUG cic.cs.unb.ca.jnetpcap.FlowGenerator    FlagRST current has 1 flow
2024-11-06 23:40:37 DEBUG cic.cs.unb.ca.jnetpcap.FlowGenerator    FlagRST current has 1 flow
2024-11-06 23:40:37 DEBUG cic.cs.unb.ca.jnetpcap.FlowGenerator    FlagRST current has 1 flow
2024-11-06 23:40:37 DEBUG cic.cs.unb.ca.jnetpcap.FlowGenerator    FlagRST current has 2 flow
2024-11-06 23:40:37 DEBUG cic.cs.unb.ca.jnetpcap.FlowGenerator    FlagRST current has 1 flow
2024-11-06 23:40:37 DEBUG cic.cs.unb.ca.jnetpcap.FlowGenerator    FlagRST current has 1 flow
2024-11-06 23:40:37 DEBUG cic.cs.unb.ca.jnetpcap.FlowGenerator    FlagRST current has 1 flow
2024-11-06 23:40:37 DEBUG cic.cs.unb.ca.jnetpcap.FlowGenerator    FlagRST current has 1 flow
2024-11-06 23:40:37 DEBUG cic.cs.unb.ca.jnetpcap.FlowGenerator    FlagRST current has 1 flow
2024-11-06 23:40:37 DEBUG cic.cs.unb.ca.jnetpcap.FlowGenerator    FlagRST current has 1 flow
2024-11-06 23:40:37 DEBUG cic.cs.unb.ca.jnetpcap.FlowGenerator    FlagRST current has 1 flow
2024-11-06 23:40:37 DEBUG cic.cs.unb.ca.jnetpcap.FlowGenerator    FlagRST current has 1 flow
2024-11-06 23:40:37 DEBUG cic.cs.unb.ca.jnetpcap.FlowGenerator    FlagRST current has 1 flow
2024-11-06 23:40:37 DEBUG cic.cs.unb.ca.jnetpcap.FlowGenerator    FlagRST current has 1 flow
2024-11-06 23:40:37 DEBUG cic.cs.unb.ca.jnetpcap.FlowGenerator    FlagRST current has 1 flow
2024-11-06 23:40:37 DEBUG cic.cs.unb.ca.jnetpcap.FlowGenerator    FlagRST current has 1 flow
2024-11-06 23:40:37 DEBUG cic.cs.unb.ca.jnetpcap.FlowGenerator    FlagRST current has 1 flow
2024-11-06 23:40:37 DEBUG cic.cs.unb.ca.jnetpcap.FlowGenerator    FlagRST current has 1 flow
2024-11-06 23:40:37 DEBUG cic.cs.unb.ca.jnetpcap.FlowGenerator    FlagRST current has 1 flow
2024-11-06 23:40:37 DEBUG cic.cs.unb.ca.jnetpcap.FlowGenerator    FlagRST current has 1 flow
2024-11-06 23:40:37 DEBUG cic.cs.unb.ca.jnetpcap.FlowGenerator    FlagRST current has 1 flow
2024-11-06 23:40:37 DEBUG cic.cs.unb.ca.jnetpcap.FlowGenerator    FlagRST current has 1 flow
2024-11-06 23:40:37 DEBUG cic.cs.unb.ca.jnetpcap.FlowGenerator    FlagRST current has 1 flow
2024-11-06 23:40:37 DEBUG cic.cs.unb.ca.jnetpcap.FlowGenerator    FlagRST current has 1 flow
2024-11-06 23:40:37 DEBUG cic.cs.unb.ca.jnetpcap.FlowGenerator    FlagRST current has 1 flow
2024-11-06 23:40:37 DEBUG cic.cs.unb.ca.jnetpcap.FlowGenerator    FlagRST current has 1 flow
2024-11-06 23:40:37 DEBUG cic.cs.unb.ca.jnetpcap.FlowGenerator    FlagRST current has 1 flow
2024-11-06 23:40:37 DEBUG cic.cs.unb.ca.jnetpcap.FlowGenerator    FlagRST current has 1 flow
2024-11-06 23:40:37 DEBUG cic.cs.unb.ca.jnetpcap.FlowGenerator    FlagRST current has 1 flow
2024-11-06 23:40:37 DEBUG cic.cs.unb.ca.jnetpcap.FlowGenerator    FlagRST current has 1 flow
2024-11-06 23:40:37 DEBUG cic.cs.unb.ca.jnetpcap.FlowGenerator    FlagRST current has 2 flow
2024-11-06 23:40:37 DEBUG cic.cs.unb.ca.jnetpcap.FlowGenerator    FlagRST current has 1 flow
2024-11-06 23:40:37 DEBUG cic.cs.unb.ca.jnetpcap.FlowGenerator    FlagRST current has 1 flow
2024-11-06 23:40:37 DEBUG cic.cs.unb.ca.jnetpcap.FlowGenerator    FlagRST current has 1 flow
2024-11-06 23:40:37 DEBUG cic.cs.unb.ca.jnetpcap.FlowGenerator    FlagRST current has 1 flow
2024-11-06 23:40:37 DEBUG cic.cs.unb.ca.jnetpcap.FlowGenerator    FlagRST current has 1 flow
2024-11-06 23:40:37 DEBUG cic.cs.unb.ca.jnetpcap.FlowGenerator    FlagRST current has 1 flow
2024-11-06 23:40:37 DEBUG cic.cs.unb.ca.jnetpcap.FlowGenerator    FlagRST current has 1 flow
2024-11-06 23:40:37 DEBUG cic.cs.unb.ca.jnetpcap.FlowGenerator    FlagRST current has 1 flow
2024-11-06 23:40:37 DEBUG cic.cs.unb.ca.jnetpcap.FlowGenerator    FlagRST current has 1 flow
2024-11-06 23:40:37 DEBUG cic.cs.unb.ca.jnetpcap.FlowGenerator    FlagRST current has 2 flow
2024-11-06 23:40:37 DEBUG cic.cs.unb.ca.jnetpcap.FlowGenerator    FlagRST current has 1 flow
2024-11-06 23:40:37 DEBUG cic.cs.unb.ca.jnetpcap.FlowGenerator    FlagRST current has 1 flow
2024-11-06 23:40:37 DEBUG cic.cs.unb.ca.jnetpcap.FlowGenerator    FlagRST current has 1 flow
2024-11-06 23:40:37 DEBUG cic.cs.unb.ca.jnetpcap.FlowGenerator    FlagRST current has 1 flow
2024-11-06 23:40:37 DEBUG cic.cs.unb.ca.jnetpcap.FlowGenerator    FlagRST current has 1 flow
2024-11-06 23:40:37 DEBUG cic.cs.unb.ca.jnetpcap.FlowGenerator    FlagRST current has 1 flow
2024-11-06 23:40:37 DEBUG cic.cs.unb.ca.jnetpcap.FlowGenerator    FlagRST current has 3 flow
2024-11-06 23:40:37 DEBUG cic.cs.unb.ca.jnetpcap.FlowGenerator    FlagRST current has 2 flow
2024-11-06 23:40:37 DEBUG cic.cs.unb.ca.jnetpcap.FlowGenerator    FlagRST current has 1 flow
2024-11-06 23:40:37 DEBUG cic.cs.unb.ca.jnetpcap.FlowGenerator    FlagRST current has 1 flow
2024-11-06 23:40:37 DEBUG cic.cs.unb.ca.jnetpcap.FlowGenerator    FlagRST current has 1 flow
2024-11-06 23:40:37 DEBUG cic.cs.unb.ca.jnetpcap.FlowGenerator    FlagRST current has 1 flow
2024-11-06 23:40:37 DEBUG cic.cs.unb.ca.jnetpcap.FlowGenerator    FlagRST current has 1 flow
2024-11-06 23:40:37 DEBUG cic.cs.unb.ca.jnetpcap.FlowGenerator    FlagRST current has 1 flow
2024-11-06 23:40:37 DEBUG cic.cs.unb.ca.jnetpcap.FlowGenerator    FlagRST current has 1 flow
2024-11-06 23:41:38 DEBUG cic.cs.unb.ca.jnetpcap.FlowGenerator    FlagFIN current has 4 flow
2024-11-06 23:41:53 INFO  cic.cs.unb.ca.flow.ui.FlowMonitorPane    Pcap stop listening
2024-11-06 23:41:53 INFO  cic.cs.unb.ca.flow.ui.FlowMonitorPane    path:/home/minhhuy/Downloads/CICFlowMeter-classifier-20241029T051353Z-001/CICFlowMeter-classifier/data/daily/2024-11-06_Flow.csv
