2024-10-28 23:38:26 - Pcap is listening...
2024-10-28 23:44:26 - Pcap stop listening
2024-10-28 23:44:26 - path:/home/minhhuy/Downloads/CICFlowMeter-classifier-20241029T051353Z-001/CICFlowMeter-classifier/data/daily/2024-10-28_Flow.csv
2024-10-28 23:49:54 - Pcap is listening...
2024-10-28 23:55:42 - Forward flow closed due to FIN Flag
2024-10-28 23:57:00 - Forward flow closed due to FIN Flag
2024-10-28 23:57:00 - Forward flow closed due to FIN Flag
2024-10-28 23:57:00 - Forward flow closed due to FIN Flag
2024-10-28 23:59:33 - Pcap stop listening
2024-10-28 23:59:33 - path:/home/minhhuy/Downloads/CICFlowMeter-classifier-20241029T051353Z-001/CICFlowMeter-classifier/data/daily/2024-10-28_Flow.csv
2024-10-29 00:15:59 - path:/home/minhhuy/Downloads/CICFlowMeter-classifier-20241029T051353Z-001/CICFlowMeter-classifier/data/daily/2024-10-29_Flow.csv
2024-10-29 00:36:21 - Pcap is listening...
2024-10-29 00:38:28 - Pcap stop listening
2024-10-29 00:38:28 - path:/home/minhhuy/Downloads/CICFlowMeter-classifier-20241029T051353Z-001/CICFlowMeter-classifier/data/daily/2024-10-29_Flow.csv
2024-10-29 00:54:19 - Pcap is listening...
2024-10-29 00:56:24 - Pcap stop listening
2024-10-29 00:56:24 - path:/home/minhhuy/Downloads/CICFlowMeter-classifier-20241029T051353Z-001/CICFlowMeter-classifier/data/daily/2024-10-29_Flow.csv
2024-10-29 00:56:53 - Pcap is listening...
2024-10-29 00:58:34 - Pcap stop listening
2024-10-29 00:58:34 - path:/home/minhhuy/Downloads/CICFlowMeter-classifier-20241029T051353Z-001/CICFlowMeter-classifier/data/daily/2024-10-29_Flow.csv
2024-10-29 01:01:37 - Pcap is listening...
2024-10-29 01:02:55 - Pcap stop listening
2024-10-29 01:02:55 - path:/home/minhhuy/Downloads/CICFlowMeter-classifier-20241029T051353Z-001/CICFlowMeter-classifier/data/daily/2024-10-29_Flow.csv
2024-10-29 01:07:28 - Pcap is listening...
2024-10-29 01:09:29 - Pcap stop listening
2024-10-29 01:09:29 - path:/home/minhhuy/Downloads/CICFlowMeter-classifier-20241029T051353Z-001/CICFlowMeter-classifier/data/daily/2024-10-29_Flow.csv
2024-10-29 01:17:15 - Pcap is listening...
2024-10-29 01:18:58 - Pcap stop listening
2024-10-29 01:18:58 - path:/home/minhhuy/Downloads/CICFlowMeter-classifier-20241029T051353Z-001/CICFlowMeter-classifier/data/daily/2024-10-29_Flow.csv
2024-10-29 09:13:30 - Pcap is listening...
2024-10-29 09:15:56 - Pcap stop listening
2024-10-29 09:15:56 - path:/home/minhhuy/Downloads/CICFlowMeter-classifier-20241029T051353Z-001/CICFlowMeter-classifier/data/daily/2024-10-29_Flow.csv
2024-10-29 09:16:06 - Pcap is listening...
2024-10-29 09:22:01 - Pcap is listening...
2024-10-29 09:23:17 - Forward flow closed due to FIN Flag
2024-10-29 09:23:17 - Forward flow closed due to FIN Flag
2024-10-29 09:25:19 - Forward flow closed due to FIN Flag
2024-10-29 09:25:19 - Forward flow closed due to FIN Flag
2024-10-29 09:25:19 - Forward flow closed due to FIN Flag
2024-10-29 09:25:19 - Forward flow closed due to FIN Flag
2024-10-29 09:25:24 - Forward flow closed due to FIN Flag
2024-10-29 09:26:31 - Forward flow closed due to FIN Flag
2024-10-29 09:26:31 - Forward flow closed due to FIN Flag
2024-10-29 09:26:31 - Forward flow closed due to FIN Flag
2024-10-29 09:27:51 - Forward flow closed due to FIN Flag
2024-10-29 09:27:51 - Forward flow closed due to FIN Flag
2024-10-29 09:27:51 - Forward flow closed due to FIN Flag
2024-10-29 09:27:51 - Forward flow closed due to FIN Flag
2024-10-29 09:27:51 - Forward flow closed due to FIN Flag
2024-10-29 09:27:51 - Forward flow closed due to FIN Flag
2024-10-29 09:28:52 - Forward flow closed due to FIN Flag
2024-10-29 09:28:52 - Forward flow closed due to FIN Flag
2024-10-29 09:29:39 - Pcap is listening...
2024-10-29 09:42:20 - Pcap stop listening
2024-10-29 09:42:20 - path:/home/minhhuy/Downloads/CICFlowMeter-classifier-20241029T051353Z-001/CICFlowMeter-classifier/data/daily/2024-10-29_Flow.csv
2024-10-29 23:39:35 - Pcap is listening...
2024-10-29 23:40:36 - Forward flow closed due to FIN Flag
2024-10-29 23:40:36 - Forward flow closed due to FIN Flag
2024-10-29 23:40:36 - Forward flow closed due to FIN Flag
2024-10-29 23:42:14 - Forward flow closed due to FIN Flag
2024-10-29 23:42:14 - Forward flow closed due to FIN Flag
2024-10-29 23:42:14 - Forward flow closed due to FIN Flag
2024-10-29 23:42:14 - Forward flow closed due to FIN Flag
2024-10-29 23:42:14 - Forward flow closed due to FIN Flag
2024-10-29 23:42:14 - Forward flow closed due to FIN Flag
2024-10-29 23:45:14 - Forward flow closed due to FIN Flag
2024-10-29 23:45:14 - Forward flow closed due to FIN Flag
2024-10-29 23:45:14 - Forward flow closed due to FIN Flag
2024-10-29 23:45:14 - Forward flow closed due to FIN Flag
2024-10-29 23:45:14 - Forward flow closed due to FIN Flag
2024-10-29 23:45:14 - Forward flow closed due to FIN Flag
2024-10-30 00:21:49 - Pcap stop listening
2024-10-30 00:21:49 - path:/home/minhhuy/Downloads/CICFlowMeter-classifier-20241029T051353Z-001/CICFlowMeter-classifier/data/daily/2024-10-30_Flow.csv
2024-10-30 07:57:46 - Pcap is listening...
2024-10-30 07:59:17 - Forward flow closed due to FIN Flag
2024-10-30 07:59:17 - Forward flow closed due to FIN Flag
2024-10-30 07:59:17 - Forward flow closed due to FIN Flag
2024-10-30 07:59:17 - Forward flow closed due to FIN Flag
2024-10-30 07:59:47 - Pcap stop listening
2024-10-30 07:59:47 - path:/home/minhhuy/Downloads/CICFlowMeter-classifier-20241029T051353Z-001/CICFlowMeter-classifier/data/daily/2024-10-30_Flow.csv
2024-10-30 08:01:37 - Pcap is listening...
2024-10-30 08:02:02 - Forward flow closed due to FIN Flag
2024-10-30 08:02:02 - Forward flow closed due to FIN Flag
2024-10-30 08:02:02 - Forward flow closed due to FIN Flag
2024-10-30 08:03:50 - Pcap stop listening
2024-10-30 08:03:50 - path:/home/minhhuy/Downloads/CICFlowMeter-classifier-20241029T051353Z-001/CICFlowMeter-classifier/data/daily/2024-10-30_Flow.csv
2024-10-30 08:14:38 - Pcap is listening...
2024-10-30 08:17:16 - Pcap is listening...
2024-10-30 08:18:09 - Pcap stop listening
2024-10-30 08:18:09 - path:/home/minhhuy/Downloads/CICFlowMeter-classifier-20241029T051353Z-001/CICFlowMeter-classifier/data/daily/2024-10-30_Flow.csv
2024-10-30 08:19:27 - Pcap is listening...
2024-10-30 08:40:14 - Pcap is listening...
2024-10-30 08:42:47 - Pcap is listening...
2024-10-30 08:45:00 - Pcap is listening...
2024-10-30 08:47:52 - Forward flow closed due to FIN Flag
2024-10-30 08:47:52 - Forward flow closed due to FIN Flag
2024-10-30 08:47:52 - Forward flow closed due to FIN Flag
2024-10-30 08:53:39 - Pcap stop listening
2024-10-30 08:53:39 - path:/home/minhhuy/Downloads/CICFlowMeter-classifier-20241029T051353Z-001/CICFlowMeter-classifier/data/daily/2024-10-30_Flow.csv
2024-11-03 05:40:54 - Pcap is listening...
2024-11-03 05:44:58 - Pcap stop listening
2024-11-03 05:44:58 - path:/home/minhhuy/Downloads/CICFlowMeter-classifier-20241029T051353Z-001/CICFlowMeter-classifier/data/daily/2024-11-03_Flow.csv
2024-11-03 05:45:35 - Pcap is listening...
2024-11-03 05:47:05 - Forward flow closed due to FIN Flag
2024-11-03 05:49:55 - Pcap stop listening
2024-11-03 05:49:55 - path:/home/minhhuy/Downloads/CICFlowMeter-classifier-20241029T051353Z-001/CICFlowMeter-classifier/data/daily/2024-11-03_Flow.csv
2024-11-03 05:50:17 - Pcap is listening...
2024-11-03 05:51:12 - Pcap stop listening
2024-11-03 05:51:12 - path:/home/minhhuy/Downloads/CICFlowMeter-classifier-20241029T051353Z-001/CICFlowMeter-classifier/data/daily/2024-11-03_Flow.csv
2024-11-03 05:54:25 - path:/home/minhhuy/Downloads/CICFlowMeter-classifier-20241029T051353Z-001/CICFlowMeter-classifier/data/daily/2024-11-03_Flow.csv
2024-11-03 05:54:52 - Pcap is listening...
2024-11-03 05:56:34 - Pcap stop listening
2024-11-03 05:56:34 - path:/home/minhhuy/Downloads/CICFlowMeter-classifier-20241029T051353Z-001/CICFlowMeter-classifier/data/daily/2024-11-03_Flow.csv
2024-11-03 05:57:52 - Pcap is listening...
2024-11-03 06:01:06 - Pcap stop listening
2024-11-03 06:01:06 - path:/home/minhhuy/Downloads/CICFlowMeter-classifier-20241029T051353Z-001/CICFlowMeter-classifier/data/daily/2024-11-03_Flow.csv
2024-11-03 06:02:44 - Pcap is listening...
2024-11-03 06:05:37 - Pcap stop listening
2024-11-03 06:05:37 - path:/home/minhhuy/Downloads/CICFlowMeter-classifier-20241029T051353Z-001/CICFlowMeter-classifier/data/daily/2024-11-03_Flow.csv
2024-11-03 07:26:08 - Pcap is listening...
2024-11-03 07:26:36 - Forward flow closed due to FIN Flag
2024-11-03 07:26:36 - Forward flow closed due to FIN Flag
2024-11-03 07:26:36 - Forward flow closed due to FIN Flag
2024-11-03 07:26:36 - Forward flow closed due to FIN Flag
2024-11-03 07:27:36 - Forward flow closed due to FIN Flag
2024-11-03 07:27:36 - Forward flow closed due to FIN Flag
2024-11-03 07:29:25 - Forward flow closed due to FIN Flag
2024-11-03 07:29:25 - Forward flow closed due to FIN Flag
2024-11-03 07:29:25 - Forward flow closed due to FIN Flag
2024-11-03 07:29:25 - Forward flow closed due to FIN Flag
2024-11-03 07:29:25 - Forward flow closed due to FIN Flag
2024-11-03 07:29:25 - Forward flow closed due to FIN Flag
2024-11-03 07:30:03 - Pcap is listening...
2024-11-03 07:32:25 - Forward flow closed due to FIN Flag
2024-11-03 07:32:25 - Forward flow closed due to FIN Flag
2024-11-03 07:32:25 - Forward flow closed due to FIN Flag
2024-11-03 07:32:51 - Pcap stop listening
2024-11-03 07:32:51 - path:/home/minhhuy/Downloads/CICFlowMeter-classifier-20241029T051353Z-001/CICFlowMeter-classifier/data/daily/2024-11-03_Flow.csv
2024-11-03 07:33:09 - Pcap is listening...
2024-11-03 07:33:37 - Forward flow closed due to FIN Flag
2024-11-03 07:35:36 - Pcap stop listening
2024-11-03 07:35:36 - path:/home/minhhuy/Downloads/CICFlowMeter-classifier-20241029T051353Z-001/CICFlowMeter-classifier/data/daily/2024-11-03_Flow.csv
2024-11-03 07:35:53 - Pcap is listening...
2024-11-03 07:37:20 - Forward flow closed due to FIN Flag
2024-11-03 07:37:20 - Forward flow closed due to FIN Flag
2024-11-03 07:38:28 - Pcap stop listening
2024-11-03 07:38:28 - path:/home/minhhuy/Downloads/CICFlowMeter-classifier-20241029T051353Z-001/CICFlowMeter-classifier/data/daily/2024-11-03_Flow.csv
2024-11-03 07:38:40 - Pcap is listening...
2024-11-03 07:41:13 - Pcap stop listening
2024-11-03 07:41:13 - path:/home/minhhuy/Downloads/CICFlowMeter-classifier-20241029T051353Z-001/CICFlowMeter-classifier/data/daily/2024-11-03_Flow.csv
2024-11-03 07:41:37 - Pcap is listening...
2024-11-03 07:46:05 - Pcap is listening...
2024-11-03 07:47:33 - Forward flow closed due to FIN Flag
2024-11-03 07:47:33 - Forward flow closed due to FIN Flag
2024-11-03 07:47:33 - Forward flow closed due to FIN Flag
2024-11-03 23:56:32 - Pcap stop listening
2024-11-03 23:56:32 - path:/home/minhhuy/Downloads/CICFlowMeter-classifier-20241029T051353Z-001/CICFlowMeter-classifier/data/daily/2024-11-03_Flow.csv
2024-11-03 23:58:25 - Pcap is listening...
2024-11-04 00:01:28 - Pcap stop listening
2024-11-04 00:01:28 - path:/home/minhhuy/Downloads/CICFlowMeter-classifier-20241029T051353Z-001/CICFlowMeter-classifier/data/daily/2024-11-04_Flow.csv
2024-11-04 00:01:44 - Pcap is listening...
2024-11-04 00:04:34 - Forward flow closed due to FIN Flag
2024-11-04 00:04:34 - Forward flow closed due to FIN Flag
2024-11-04 00:04:34 - Forward flow closed due to FIN Flag
2024-11-04 00:05:49 - Pcap stop listening
2024-11-04 00:05:49 - path:/home/minhhuy/Downloads/CICFlowMeter-classifier-20241029T051353Z-001/CICFlowMeter-classifier/data/daily/2024-11-04_Flow.csv
2024-11-04 00:07:22 - Pcap is listening...
2024-11-04 00:09:30 - Pcap stop listening
2024-11-04 00:09:30 - path:/home/minhhuy/Downloads/CICFlowMeter-classifier-20241029T051353Z-001/CICFlowMeter-classifier/data/daily/2024-11-04_Flow.csv
2024-11-04 00:09:56 - Pcap is listening...
2024-11-04 00:19:35 - Forward flow closed due to FIN Flag
2024-11-04 00:19:35 - Forward flow closed due to FIN Flag
2024-11-04 00:19:35 - Forward flow closed due to FIN Flag
2024-11-04 00:24:05 - Pcap stop listening
2024-11-04 00:24:05 - path:/home/minhhuy/Downloads/CICFlowMeter-classifier-20241029T051353Z-001/CICFlowMeter-classifier/data/daily/2024-11-04_Flow.csv
2024-11-04 00:28:29 - Pcap is listening...
2024-11-04 00:32:09 - Pcap stop listening
2024-11-04 00:32:09 - path:/home/minhhuy/Downloads/CICFlowMeter-classifier-20241029T051353Z-001/CICFlowMeter-classifier/data/daily/2024-11-04_Flow.csv
2024-11-04 00:37:09 - Pcap is listening...
2024-11-04 00:39:46 - Pcap stop listening
2024-11-04 00:39:46 - path:/home/minhhuy/Downloads/CICFlowMeter-classifier-20241029T051353Z-001/CICFlowMeter-classifier/data/daily/2024-11-04_Flow.csv
2024-11-04 00:40:04 - Pcap is listening...
2024-11-04 00:50:07 - Pcap stop listening
2024-11-04 00:50:07 - path:/home/minhhuy/Downloads/CICFlowMeter-classifier-20241029T051353Z-001/CICFlowMeter-classifier/data/daily/2024-11-04_Flow.csv
2024-11-04 00:50:24 - Pcap is listening...
2024-11-04 01:03:16 - Pcap stop listening
2024-11-04 01:03:16 - path:/home/minhhuy/Downloads/CICFlowMeter-classifier-20241029T051353Z-001/CICFlowMeter-classifier/data/daily/2024-11-04_Flow.csv
2024-11-04 01:03:40 - Pcap is listening...
2024-11-04 01:05:26 - Pcap stop listening
2024-11-04 01:05:26 - path:/home/minhhuy/Downloads/CICFlowMeter-classifier-20241029T051353Z-001/CICFlowMeter-classifier/data/daily/2024-11-04_Flow.csv
2024-11-04 01:05:39 - Pcap is listening...
2024-11-04 01:08:06 - Pcap stop listening
2024-11-04 01:08:06 - path:/home/minhhuy/Downloads/CICFlowMeter-classifier-20241029T051353Z-001/CICFlowMeter-classifier/data/daily/2024-11-04_Flow.csv
2024-11-04 01:08:22 - Pcap is listening...
2024-11-04 01:11:22 - Pcap is listening...
2024-11-04 01:13:19 - Pcap is listening...
2024-11-04 01:15:53 - Pcap stop listening
2024-11-04 01:15:53 - path:/home/minhhuy/Downloads/CICFlowMeter-classifier-20241029T051353Z-001/CICFlowMeter-classifier/data/daily/2024-11-04_Flow.csv
2024-11-04 01:18:19 - Pcap is listening...
2024-11-04 01:19:40 - Forward flow closed due to FIN Flag
2024-11-04 01:19:40 - Forward flow closed due to FIN Flag
2024-11-04 01:19:40 - Forward flow closed due to FIN Flag
2024-11-04 01:20:45 - Pcap stop listening
2024-11-04 01:20:45 - path:/home/minhhuy/Downloads/CICFlowMeter-classifier-20241029T051353Z-001/CICFlowMeter-classifier/data/daily/2024-11-04_Flow.csv
2024-11-04 01:21:00 - Pcap is listening...
2024-11-04 01:22:52 - Pcap is listening...
2024-11-04 01:25:14 - Pcap is listening...
2024-11-04 01:27:13 - Pcap is listening...
2024-11-04 01:29:16 - Pcap is listening...
2024-11-04 01:31:58 - Pcap stop listening
2024-11-04 01:31:58 - path:/home/minhhuy/Downloads/CICFlowMeter-classifier-20241029T051353Z-001/CICFlowMeter-classifier/data/daily/2024-11-04_Flow.csv
2024-11-04 01:32:13 - Pcap is listening...
2024-11-04 01:34:07 - Pcap stop listening
2024-11-04 01:34:07 - path:/home/minhhuy/Downloads/CICFlowMeter-classifier-20241029T051353Z-001/CICFlowMeter-classifier/data/daily/2024-11-04_Flow.csv
2024-11-04 01:34:20 - Pcap is listening...
2024-11-04 01:36:05 - Pcap stop listening
2024-11-04 01:36:05 - path:/home/minhhuy/Downloads/CICFlowMeter-classifier-20241029T051353Z-001/CICFlowMeter-classifier/data/daily/2024-11-04_Flow.csv
2024-11-04 01:36:29 - Pcap is listening...
2024-11-04 01:38:11 - Pcap stop listening
2024-11-04 01:38:11 - path:/home/minhhuy/Downloads/CICFlowMeter-classifier-20241029T051353Z-001/CICFlowMeter-classifier/data/daily/2024-11-04_Flow.csv
2024-11-04 01:38:24 - Pcap is listening...
2024-11-04 01:39:58 - Pcap stop listening
2024-11-04 01:39:58 - path:/home/minhhuy/Downloads/CICFlowMeter-classifier-20241029T051353Z-001/CICFlowMeter-classifier/data/daily/2024-11-04_Flow.csv
2024-11-04 01:40:14 - Pcap is listening...
2024-11-04 01:42:31 - Pcap stop listening
2024-11-04 01:42:31 - path:/home/minhhuy/Downloads/CICFlowMeter-classifier-20241029T051353Z-001/CICFlowMeter-classifier/data/daily/2024-11-04_Flow.csv
2024-11-04 01:42:50 - Pcap is listening...
2024-11-04 01:49:42 - Forward flow closed due to FIN Flag
2024-11-04 01:49:42 - Forward flow closed due to FIN Flag
2024-11-04 01:49:42 - Forward flow closed due to FIN Flag
2024-11-04 01:51:34 - Pcap stop listening
2024-11-04 01:51:34 - path:/home/minhhuy/Downloads/CICFlowMeter-classifier-20241029T051353Z-001/CICFlowMeter-classifier/data/daily/2024-11-04_Flow.csv
2024-11-04 01:51:48 - Pcap is listening...
2024-11-04 01:53:42 - Pcap stop listening
2024-11-04 01:53:42 - path:/home/minhhuy/Downloads/CICFlowMeter-classifier-20241029T051353Z-001/CICFlowMeter-classifier/data/daily/2024-11-04_Flow.csv
2024-11-04 01:54:01 - Pcap is listening...
2024-11-04 01:55:30 - Pcap stop listening
2024-11-04 01:55:30 - path:/home/minhhuy/Downloads/CICFlowMeter-classifier-20241029T051353Z-001/CICFlowMeter-classifier/data/daily/2024-11-04_Flow.csv
2024-11-04 01:55:46 - Pcap is listening...
2024-11-04 01:59:38 - Pcap stop listening
2024-11-04 01:59:38 - path:/home/minhhuy/Downloads/CICFlowMeter-classifier-20241029T051353Z-001/CICFlowMeter-classifier/data/daily/2024-11-04_Flow.csv
2024-11-04 02:00:01 - Pcap is listening...
2024-11-04 02:01:02 - Forward flow closed due to FIN Flag
2024-11-04 02:03:06 - Pcap stop listening
2024-11-04 02:03:06 - path:/home/minhhuy/Downloads/CICFlowMeter-classifier-20241029T051353Z-001/CICFlowMeter-classifier/data/daily/2024-11-04_Flow.csv
2024-11-04 02:03:27 - Pcap is listening...
2024-11-04 02:04:29 - Forward flow closed due to FIN Flag
2024-11-04 02:04:29 - Forward flow closed due to FIN Flag
2024-11-04 02:04:29 - Forward flow closed due to FIN Flag
2024-11-04 02:16:29 - Pcap stop listening
2024-11-04 02:16:29 - path:/home/minhhuy/Downloads/CICFlowMeter-classifier-20241029T051353Z-001/CICFlowMeter-classifier/data/daily/2024-11-04_Flow.csv
2024-11-04 02:16:42 - Pcap is listening...
2024-11-04 02:18:10 - Pcap stop listening
2024-11-04 02:18:10 - path:/home/minhhuy/Downloads/CICFlowMeter-classifier-20241029T051353Z-001/CICFlowMeter-classifier/data/daily/2024-11-04_Flow.csv
2024-11-04 02:18:29 - Pcap is listening...
2024-11-04 02:19:56 - Pcap stop listening
2024-11-04 02:19:56 - path:/home/minhhuy/Downloads/CICFlowMeter-classifier-20241029T051353Z-001/CICFlowMeter-classifier/data/daily/2024-11-04_Flow.csv
2024-11-04 02:20:09 - Pcap is listening...
2024-11-04 02:21:23 - Forward flow closed due to FIN Flag
2024-11-04 02:21:23 - Forward flow closed due to FIN Flag
2024-11-04 02:21:23 - Forward flow closed due to FIN Flag
2024-11-04 02:21:50 - Pcap stop listening
2024-11-04 02:21:50 - path:/home/minhhuy/Downloads/CICFlowMeter-classifier-20241029T051353Z-001/CICFlowMeter-classifier/data/daily/2024-11-04_Flow.csv
2024-11-04 02:22:09 - Pcap is listening...
2024-11-04 02:23:37 - Pcap stop listening
2024-11-04 02:23:37 - path:/home/minhhuy/Downloads/CICFlowMeter-classifier-20241029T051353Z-001/CICFlowMeter-classifier/data/daily/2024-11-04_Flow.csv
2024-11-04 02:23:52 - Pcap is listening...
2024-11-04 02:25:19 - Pcap stop listening
2024-11-04 02:25:19 - path:/home/minhhuy/Downloads/CICFlowMeter-classifier-20241029T051353Z-001/CICFlowMeter-classifier/data/daily/2024-11-04_Flow.csv
2024-11-04 02:25:31 - Pcap is listening...
2024-11-04 02:28:13 - Pcap stop listening
2024-11-04 02:28:13 - path:/home/minhhuy/Downloads/CICFlowMeter-classifier-20241029T051353Z-001/CICFlowMeter-classifier/data/daily/2024-11-04_Flow.csv
2024-11-05 03:05:04 - Pcap is listening...
2024-11-05 03:06:06 - Forward flow closed due to FIN Flag
2024-11-05 03:06:06 - Forward flow closed due to FIN Flag
2024-11-05 03:06:44 - Pcap stop listening
2024-11-05 03:06:44 - path:/home/minhhuy/Downloads/CICFlowMeter-classifier-20241029T051353Z-001/CICFlowMeter-classifier/data/daily/2024-11-05_Flow.csv
2024-11-05 03:07:58 - Pcap is listening...
2024-11-05 03:08:59 - Forward flow closed due to FIN Flag
2024-11-05 03:09:00 - Forward flow closed due to FIN Flag
2024-11-05 03:09:00 - Forward flow closed due to FIN Flag
2024-11-05 03:09:00 - Forward flow closed due to FIN Flag
2024-11-05 03:09:00 - Forward flow closed due to FIN Flag
2024-11-05 03:09:00 - Forward flow closed due to FIN Flag
2024-11-05 03:09:00 - Forward flow closed due to FIN Flag
2024-11-05 03:09:00 - Forward flow closed due to FIN Flag
2024-11-05 03:09:38 - Pcap stop listening
2024-11-05 03:09:38 - path:/home/minhhuy/Downloads/CICFlowMeter-classifier-20241029T051353Z-001/CICFlowMeter-classifier/data/daily/2024-11-05_Flow.csv
2024-11-05 03:45:29 - Pcap is listening...
2024-11-05 03:51:35 - Pcap stop listening
2024-11-05 03:51:35 - path:/home/minhhuy/Downloads/CICFlowMeter-classifier-20241029T051353Z-001/CICFlowMeter-classifier/data/daily/2024-11-05_Flow.csv
2024-11-05 03:51:54 - Pcap is listening...
2024-11-05 03:53:26 - Pcap stop listening
2024-11-05 03:53:26 - path:/home/minhhuy/Downloads/CICFlowMeter-classifier-20241029T051353Z-001/CICFlowMeter-classifier/data/daily/2024-11-05_Flow.csv
2024-11-05 03:53:30 - Pcap is listening...
2024-11-05 03:56:23 - Forward flow closed due to FIN Flag
2024-11-05 03:56:23 - Forward flow closed due to FIN Flag
2024-11-05 03:56:23 - Forward flow closed due to FIN Flag
2024-11-05 04:02:01 - Pcap stop listening
2024-11-05 04:02:01 - path:/home/minhhuy/Downloads/CICFlowMeter-classifier-20241029T051353Z-001/CICFlowMeter-classifier/data/daily/2024-11-05_Flow.csv
2024-11-05 04:36:21 - Pcap is listening...
2024-11-05 04:42:48 - Pcap stop listening
2024-11-05 04:42:48 - path:/home/minhhuy/Downloads/CICFlowMeter-classifier-20241029T051353Z-001/CICFlowMeter-classifier/data/daily/2024-11-05_Flow.csv
2024-11-05 04:43:59 - Pcap is listening...
2024-11-05 04:46:28 - Pcap stop listening
2024-11-05 04:46:28 - path:/home/minhhuy/Downloads/CICFlowMeter-classifier-20241029T051353Z-001/CICFlowMeter-classifier/data/daily/2024-11-05_Flow.csv
2024-11-05 04:46:58 - path:/home/minhhuy/Downloads/CICFlowMeter-classifier-20241029T051353Z-001/CICFlowMeter-classifier/data/daily/2024-11-05_Flow.csv
2024-11-05 04:47:13 - Pcap is listening...
2024-11-05 04:51:06 - Forward flow closed due to FIN Flag
2024-11-05 04:51:06 - Forward flow closed due to FIN Flag
2024-11-05 04:51:06 - Forward flow closed due to FIN Flag
2024-11-05 18:47:02 - Pcap is listening...
2024-11-05 18:47:11 - Forward flow closed due to FIN Flag
2024-11-05 18:47:13 - Forward flow closed due to FIN Flag
2024-11-05 18:47:18 - Forward flow closed due to FIN Flag
2024-11-05 18:47:18 - Forward flow closed due to FIN Flag
2024-11-05 18:47:18 - Forward flow closed due to FIN Flag
2024-11-05 18:47:55 - Forward flow closed due to FIN Flag
2024-11-05 18:48:00 - Forward flow closed due to FIN Flag
2024-11-05 18:49:13 - Forward flow closed due to FIN Flag
2024-11-05 18:49:35 - Forward flow closed due to FIN Flag
2024-11-05 18:49:35 - Forward flow closed due to FIN Flag
2024-11-05 18:49:35 - Forward flow closed due to FIN Flag
2024-11-05 18:49:35 - Forward flow closed due to FIN Flag
2024-11-05 18:49:35 - Forward flow closed due to FIN Flag
2024-11-05 18:49:35 - Forward flow closed due to FIN Flag
2024-11-05 18:49:53 - Forward flow closed due to FIN Flag
2024-11-05 18:52:53 - Forward flow closed due to FIN Flag
2024-11-05 18:52:53 - Forward flow closed due to FIN Flag
2024-11-05 18:52:53 - Forward flow closed due to FIN Flag
2024-11-05 18:52:53 - Forward flow closed due to FIN Flag
2024-11-05 18:52:53 - Forward flow closed due to FIN Flag
2024-11-05 18:53:00 - Forward flow closed due to FIN Flag
2024-11-05 19:10:28 - Forward flow closed due to FIN Flag
2024-11-05 19:25:44 - Pcap stop listening
2024-11-05 19:25:44 - path:/home/minhhuy/Downloads/CICFlowMeter-classifier-20241029T051353Z-001/CICFlowMeter-classifier/data/daily/2024-11-05_Flow.csv
2024-11-06 23:33:34 - Pcap is listening...
2024-11-06 23:33:57 - Pcap stop listening
2024-11-06 23:33:58 - path:/home/minhhuy/Downloads/CICFlowMeter-classifier-20241029T051353Z-001/CICFlowMeter-classifier/data/daily/2024-11-06_Flow.csv
2024-11-06 23:34:30 - Pcap is listening...
2024-11-06 23:35:53 - Pcap stop listening
2024-11-06 23:35:53 - path:/home/minhhuy/Downloads/CICFlowMeter-classifier-20241029T051353Z-001/CICFlowMeter-classifier/data/daily/2024-11-06_Flow.csv
2024-11-06 23:36:42 - Pcap is listening...
2024-11-06 23:38:52 - Pcap stop listening
2024-11-06 23:38:52 - path:/home/minhhuy/Downloads/CICFlowMeter-classifier-20241029T051353Z-001/CICFlowMeter-classifier/data/daily/2024-11-06_Flow.csv
2024-11-06 23:39:21 - path:/home/minhhuy/Downloads/CICFlowMeter-classifier-20241029T051353Z-001/CICFlowMeter-classifier/data/daily/2024-11-06_Flow.csv
2024-11-06 23:39:35 - Pcap is listening...
2024-11-06 23:41:53 - Pcap stop listening
2024-11-06 23:41:53 - path:/home/minhhuy/Downloads/CICFlowMeter-classifier-20241029T051353Z-001/CICFlowMeter-classifier/data/daily/2024-11-06_Flow.csv
2024-11-07 00:05:46 - Pcap is listening...
2024-11-07 00:07:18 - Pcap stop listening
2024-11-07 00:07:18 - path:/home/minhhuy/Downloads/CICFlowMeter-classifier-20241029T051353Z-001/CICFlowMeter-classifier/data/daily/2024-11-07_Flow.csv
2024-11-07 00:08:04 - Pcap is listening...
2024-11-07 00:09:45 - Pcap stop listening
2024-11-07 00:09:45 - path:/home/minhhuy/Downloads/CICFlowMeter-classifier-20241029T051353Z-001/CICFlowMeter-classifier/data/daily/2024-11-07_Flow.csv
2024-11-07 00:10:00 - Pcap is listening...
2024-11-07 00:13:17 - Pcap is listening...
2024-11-07 00:14:47 - Pcap stop listening
2024-11-07 00:14:47 - path:/home/minhhuy/Downloads/CICFlowMeter-classifier-20241029T051353Z-001/CICFlowMeter-classifier/data/daily/2024-11-07_Flow.csv
2024-11-07 03:05:52 - Pcap is listening...
2024-11-07 03:07:40 - Pcap stop listening
2024-11-07 03:07:40 - path:/home/minhhuy/Downloads/CICFlowMeter-classifier-20241029T051353Z-001/CICFlowMeter-classifier/data/daily/2024-11-07_Flow.csv
2024-11-07 03:40:57 - Pcap is listening...
2024-11-07 03:42:42 - Pcap stop listening
2024-11-07 03:42:42 - path:/home/minhhuy/Downloads/CICFlowMeter-classifier-20241029T051353Z-001/CICFlowMeter-classifier/data/daily/2024-11-07_Flow.csv
2024-11-07 03:42:59 - Pcap is listening...
2024-11-07 03:44:49 - Pcap stop listening
2024-11-07 03:44:49 - path:/home/minhhuy/Downloads/CICFlowMeter-classifier-20241029T051353Z-001/CICFlowMeter-classifier/data/daily/2024-11-07_Flow.csv
2024-11-07 04:45:23 - Pcap is listening...
2024-11-07 04:50:13 - Pcap stop listening
2024-11-07 04:50:13 - path:/home/minhhuy/Downloads/CICFlowMeter-classifier-20241029T051353Z-001/CICFlowMeter-classifier/data/daily/2024-11-07_Flow.csv
2024-11-07 04:51:04 - Pcap is listening...
2024-11-07 04:51:51 - Pcap stop listening
2024-11-07 04:51:51 - path:/home/minhhuy/Downloads/CICFlowMeter-classifier-20241029T051353Z-001/CICFlowMeter-classifier/data/daily/2024-11-07_Flow.csv
2024-11-07 04:51:52 - path:/home/minhhuy/Downloads/CICFlowMeter-classifier-20241029T051353Z-001/CICFlowMeter-classifier/data/daily/2024-11-07_Flow.csv
2024-11-07 04:52:11 - Pcap is listening...
2024-11-07 04:54:58 - Pcap stop listening
2024-11-07 04:54:58 - path:/home/minhhuy/Downloads/CICFlowMeter-classifier-20241029T051353Z-001/CICFlowMeter-classifier/data/daily/2024-11-07_Flow.csv
2024-11-07 04:56:59 - Pcap is listening...
2024-11-07 04:58:40 - Pcap stop listening
2024-11-07 04:58:40 - path:/home/minhhuy/Downloads/CICFlowMeter-classifier-20241029T051353Z-001/CICFlowMeter-classifier/data/daily/2024-11-07_Flow.csv
2024-11-07 04:58:55 - Pcap is listening...
2024-11-07 05:00:41 - Pcap stop listening
2024-11-07 05:00:41 - path:/home/minhhuy/Downloads/CICFlowMeter-classifier-20241029T051353Z-001/CICFlowMeter-classifier/data/daily/2024-11-07_Flow.csv
2024-11-07 05:00:57 - Pcap is listening...
2024-11-07 05:02:11 - Pcap stop listening
2024-11-07 05:02:11 - path:/home/minhhuy/Downloads/CICFlowMeter-classifier-20241029T051353Z-001/CICFlowMeter-classifier/data/daily/2024-11-07_Flow.csv
2024-11-07 05:02:43 - Pcap is listening...
2024-11-07 05:10:35 - Pcap stop listening
2024-11-07 05:10:35 - path:/home/minhhuy/Downloads/CICFlowMeter-classifier-20241029T051353Z-001/CICFlowMeter-classifier/data/daily/2024-11-07_Flow.csv
2024-11-07 05:39:05 - Pcap is listening...
2024-11-07 05:42:21 - Pcap stop listening
2024-11-07 05:42:21 - path:/home/minhhuy/Downloads/CICFlowMeter-classifier-20241029T051353Z-001/CICFlowMeter-classifier/data/daily/2024-11-07_Flow.csv
2024-11-07 07:21:51 - Pcap is listening...
2024-11-07 07:23:45 - Forward flow closed due to FIN Flag
2024-11-07 07:23:45 - Forward flow closed due to FIN Flag
2024-11-07 07:23:45 - Forward flow closed due to FIN Flag
2024-11-07 07:25:12 - Pcap stop listening
2024-11-07 07:25:12 - path:/home/minhhuy/Downloads/CICFlowMeter-classifier-20241029T051353Z-001/CICFlowMeter-classifier/data/daily/2024-11-07_Flow.csv
2024-11-07 10:01:42 - Pcap is listening...
2024-11-07 10:03:04 - Pcap stop listening
2024-11-07 10:03:04 - path:/home/minhhuy/Downloads/CICFlowMeter-classifier-20241029T051353Z-001/CICFlowMeter-classifier/data/daily/2024-11-07_Flow.csv
2024-11-07 10:03:35 - Pcap is listening...
2024-11-07 10:05:02 - Pcap is listening...
2024-11-07 10:06:33 - Pcap stop listening
2024-11-07 10:06:33 - path:/home/minhhuy/Downloads/CICFlowMeter-classifier-20241029T051353Z-001/CICFlowMeter-classifier/data/daily/2024-11-07_Flow.csv
2024-11-07 10:07:39 - Pcap is listening...
2024-11-07 10:09:03 - Pcap stop listening
2024-11-07 10:09:03 - path:/home/minhhuy/Downloads/CICFlowMeter-classifier-20241029T051353Z-001/CICFlowMeter-classifier/data/daily/2024-11-07_Flow.csv
2024-11-07 10:09:39 - Pcap is listening...
2024-11-07 10:11:15 - Pcap stop listening
2024-11-07 10:11:15 - path:/home/minhhuy/Downloads/CICFlowMeter-classifier-20241029T051353Z-001/CICFlowMeter-classifier/data/daily/2024-11-07_Flow.csv
2024-11-07 10:11:32 - Pcap is listening...
2024-11-07 10:14:22 - Pcap stop listening
2024-11-07 10:14:22 - path:/home/minhhuy/Downloads/CICFlowMeter-classifier-20241029T051353Z-001/CICFlowMeter-classifier/data/daily/2024-11-07_Flow.csv
2024-11-07 10:14:37 - Pcap is listening...
2024-11-07 10:16:15 - Pcap stop listening
2024-11-07 10:16:15 - path:/home/minhhuy/Downloads/CICFlowMeter-classifier-20241029T051353Z-001/CICFlowMeter-classifier/data/daily/2024-11-07_Flow.csv
2024-11-07 10:16:28 - Pcap is listening...
2024-11-07 10:19:41 - Pcap stop listening
2024-11-07 10:19:41 - path:/home/minhhuy/Downloads/CICFlowMeter-classifier-20241029T051353Z-001/CICFlowMeter-classifier/data/daily/2024-11-07_Flow.csv
2024-11-07 10:19:56 - Pcap is listening...
2024-11-07 10:21:17 - Pcap stop listening
2024-11-07 10:21:17 - path:/home/minhhuy/Downloads/CICFlowMeter-classifier-20241029T051353Z-001/CICFlowMeter-classifier/data/daily/2024-11-07_Flow.csv
2024-11-07 10:22:30 - Pcap is listening...
2024-11-07 10:26:00 - Pcap stop listening
2024-11-07 10:26:00 - path:/home/minhhuy/Downloads/CICFlowMeter-classifier-20241029T051353Z-001/CICFlowMeter-classifier/data/daily/2024-11-07_Flow.csv
2024-11-19 03:39:07 - Pcap is listening...
2024-11-19 03:40:27 - Pcap stop listening
2024-11-19 03:40:27 - path:/home/minhhuy/Downloads/CICFlowMeter-classifier-20241029T051353Z-001/CICFlowMeter-classifier/data/daily/2024-11-19_Flow.csv
2024-11-19 03:44:37 - Pcap is listening...
2024-11-19 03:48:15 - Pcap stop listening
2024-11-19 03:48:15 - path:/home/minhhuy/Downloads/CICFlowMeter-classifier-20241029T051353Z-001/CICFlowMeter-classifier/data/daily/2024-11-19_Flow.csv
2024-11-19 03:53:12 - Pcap is listening...
2024-11-19 03:55:42 - Pcap stop listening
2024-11-19 03:55:42 - path:/home/minhhuy/Downloads/CICFlowMeter-classifier-20241029T051353Z-001/CICFlowMeter-classifier/data/daily/2024-11-19_Flow.csv
2024-11-19 03:59:42 - Pcap is listening...
2024-11-19 04:02:23 - Forward flow closed due to FIN Flag
2024-11-19 04:02:23 - Forward flow closed due to FIN Flag
2024-11-19 04:02:23 - Forward flow closed due to FIN Flag
2024-11-19 04:02:23 - Forward flow closed due to FIN Flag
2024-11-19 04:04:47 - Pcap stop listening
2024-11-19 04:04:47 - path:/home/minhhuy/Downloads/CICFlowMeter-classifier-20241029T051353Z-001/CICFlowMeter-classifier/data/daily/2024-11-19_Flow.csv
2024-11-19 04:05:01 - Pcap is listening...
2024-11-19 04:06:37 - Pcap stop listening
2024-11-19 04:06:37 - path:/home/minhhuy/Downloads/CICFlowMeter-classifier-20241029T051353Z-001/CICFlowMeter-classifier/data/daily/2024-11-19_Flow.csv
2024-11-19 04:07:17 - Pcap is listening...
2024-11-19 04:10:33 - Pcap stop listening
2024-11-19 04:10:33 - path:/home/minhhuy/Downloads/CICFlowMeter-classifier-20241029T051353Z-001/CICFlowMeter-classifier/data/daily/2024-11-19_Flow.csv
2024-11-21 13:11:39 - Pcap is listening...
2024-11-21 13:15:59 - Forward flow closed due to FIN Flag
2024-11-21 13:17:29 - Pcap stop listening
2024-11-21 13:17:29 - path:/home/minhhuy/Downloads/CICFlowMeter-classifier-20241029T051353Z-001/CICFlowMeter-classifier/data/daily/2024-11-21_Flow.csv
2024-11-21 13:18:57 - Pcap is listening...
2024-11-21 13:23:22 - Pcap stop listening
2024-11-21 13:23:22 - path:/home/minhhuy/Downloads/CICFlowMeter-classifier-20241029T051353Z-001/CICFlowMeter-classifier/data/daily/2024-11-21_Flow.csv
2024-11-21 13:23:37 - Pcap is listening...
2024-11-21 13:26:01 - Forward flow closed due to FIN Flag
2024-11-21 13:27:51 - Pcap is listening...
2024-11-21 13:28:18 - Forward flow closed due to FIN Flag
2024-11-21 13:28:18 - Forward flow closed due to FIN Flag
2024-11-21 13:28:18 - Forward flow closed due to FIN Flag
2024-11-21 13:31:11 - Pcap stop listening
2024-11-21 13:31:11 - path:/home/minhhuy/Downloads/CICFlowMeter-classifier-20241029T051353Z-001/CICFlowMeter-classifier/data/daily/2024-11-21_Flow.csv
2024-11-21 13:32:40 - Pcap is listening...
2024-11-21 13:35:58 - Pcap stop listening
2024-11-21 13:35:58 - path:/home/minhhuy/Downloads/CICFlowMeter-classifier-20241029T051353Z-001/CICFlowMeter-classifier/data/daily/2024-11-21_Flow.csv
2024-11-21 13:36:15 - Pcap is listening...
2024-11-21 13:40:46 - Forward flow closed due to FIN Flag
2024-11-21 13:44:07 - Forward flow closed due to FIN Flag
2024-11-21 13:44:07 - Forward flow closed due to FIN Flag
2024-11-21 13:44:07 - Forward flow closed due to FIN Flag
2024-11-21 14:05:39 - Pcap stop listening
2024-11-21 14:05:39 - path:/home/minhhuy/Downloads/CICFlowMeter-classifier-20241029T051353Z-001/CICFlowMeter-classifier/data/daily/2024-11-21_Flow.csv
2024-11-22 08:14:02 - Pcap is listening...
2024-11-22 08:19:23 - Pcap stop listening
2024-11-22 08:19:23 - path:/home/minhhuy/Downloads/CICFlowMeter-classifier-20241029T051353Z-001/CICFlowMeter-classifier/data/daily/2024-11-22_Flow.csv
2024-11-22 08:20:23 - Pcap is listening...
2024-11-22 08:24:07 - Pcap stop listening
2024-11-22 08:24:07 - path:/home/minhhuy/Downloads/CICFlowMeter-classifier-20241029T051353Z-001/CICFlowMeter-classifier/data/daily/2024-11-22_Flow.csv
2024-11-22 08:24:46 - Pcap is listening...
2024-11-22 08:27:12 - Forward flow closed due to FIN Flag
2024-11-22 08:37:27 - Forward flow closed due to FIN Flag
2024-11-22 08:45:35 - Pcap stop listening
2024-11-22 08:45:35 - path:/home/minhhuy/Downloads/CICFlowMeter-classifier-20241029T051353Z-001/CICFlowMeter-classifier/data/daily/2024-11-22_Flow.csv
2024-11-22 08:53:57 - Pcap is listening...
2024-11-22 09:02:07 - Forward flow closed due to FIN Flag
2024-11-22 09:05:24 - Forward flow closed due to FIN Flag
2024-11-22 09:05:24 - Forward flow closed due to FIN Flag
2024-11-22 09:05:24 - Forward flow closed due to FIN Flag
2024-11-22 09:05:49 - Pcap stop listening
2024-11-22 09:05:49 - path:/home/minhhuy/Downloads/CICFlowMeter-classifier-20241029T051353Z-001/CICFlowMeter-classifier/data/daily/2024-11-22_Flow.csv
2024-11-24 07:56:17 - Pcap is listening...
2024-11-24 07:59:56 - Pcap stop listening
2024-11-24 07:59:56 - path:/home/minhhuy/Downloads/CICFlowMeter-classifier-20241029T051353Z-001/CICFlowMeter-classifier/data/daily/2024-11-24_Flow.csv
2024-11-24 08:01:01 - Pcap is listening...
2024-11-24 08:04:05 - Pcap is listening...
2024-11-24 08:06:03 - Pcap is listening...
2024-11-24 08:07:04 - Pcap stop listening
2024-11-24 08:07:04 - path:/home/minhhuy/Downloads/CICFlowMeter-classifier-20241029T051353Z-001/CICFlowMeter-classifier/data/daily/2024-11-24_Flow.csv
2024-11-24 08:07:40 - path:/home/minhhuy/Downloads/CICFlowMeter-classifier-20241029T051353Z-001/CICFlowMeter-classifier/data/daily/2024-11-24_Flow.csv
2024-11-24 08:15:04 - Pcap is listening...
2024-11-24 08:15:57 - Pcap stop listening
2024-11-24 08:15:57 - path:/home/minhhuy/Downloads/CICFlowMeter-classifier-20241029T051353Z-001/CICFlowMeter-classifier/data/daily/2024-11-24_Flow.csv
2024-11-24 08:17:00 - Pcap is listening...
2024-11-24 08:18:50 - Pcap is listening...
2024-11-24 08:21:35 - Forward flow closed due to FIN Flag
2024-11-24 08:21:35 - Forward flow closed due to FIN Flag
2024-11-24 08:23:54 - Pcap stop listening
2024-11-24 08:23:54 - path:/home/minhhuy/Downloads/CICFlowMeter-classifier-20241029T051353Z-001/CICFlowMeter-classifier/data/daily/2024-11-24_Flow.csv
2024-11-24 08:24:27 - Pcap is listening...
2024-11-24 08:33:43 - Pcap stop listening
2024-11-24 08:33:43 - path:/home/minhhuy/Downloads/CICFlowMeter-classifier-20241029T051353Z-001/CICFlowMeter-classifier/data/daily/2024-11-24_Flow.csv
2024-11-24 08:34:35 - Pcap is listening...
2024-11-24 08:39:34 - Pcap stop listening
2024-11-24 08:39:34 - path:/home/minhhuy/Downloads/CICFlowMeter-classifier-20241029T051353Z-001/CICFlowMeter-classifier/data/daily/2024-11-24_Flow.csv
2024-11-24 08:39:38 - Pcap is listening...
2024-11-24 08:48:08 - Pcap stop listening
2024-11-24 08:48:08 - path:/home/minhhuy/Downloads/CICFlowMeter-classifier-20241029T051353Z-001/CICFlowMeter-classifier/data/daily/2024-11-24_Flow.csv
2024-11-24 08:50:57 - Pcap is listening...
2024-11-24 09:03:56 - Pcap stop listening
2024-11-24 09:03:56 - path:/home/minhhuy/Downloads/CICFlowMeter-classifier-20241029T051353Z-001/CICFlowMeter-classifier/data/daily/2024-11-24_Flow.csv
2024-11-24 11:44:52 - Pcap is listening...
2024-11-24 11:50:59 - Pcap stop listening
2024-11-24 11:50:59 - path:/home/minhhuy/Downloads/CICFlowMeter-classifier-20241029T051353Z-001/CICFlowMeter-classifier/data/daily/2024-11-24_Flow.csv
2024-11-24 18:09:15 - Pcap is listening...
2024-11-24 18:11:49 - Pcap is listening...
2024-11-24 18:12:02 - Forward flow closed due to FIN Flag
2024-11-24 18:12:02 - Forward flow closed due to FIN Flag
2024-11-24 18:12:02 - Forward flow closed due to FIN Flag
2024-11-24 18:12:04 - Forward flow closed due to FIN Flag
2024-11-24 18:12:10 - Forward flow closed due to FIN Flag
2024-11-24 18:12:10 - Forward flow closed due to FIN Flag
2024-11-24 18:12:10 - Forward flow closed due to FIN Flag
2024-11-24 18:12:10 - Forward flow closed due to FIN Flag
2024-11-24 18:13:10 - Forward flow closed due to FIN Flag
2024-11-24 18:13:10 - Forward flow closed due to FIN Flag
2024-11-24 18:13:10 - Forward flow closed due to FIN Flag
2024-11-24 18:13:10 - Forward flow closed due to FIN Flag
2024-11-24 18:13:10 - Forward flow closed due to FIN Flag
2024-11-24 18:13:10 - Forward flow closed due to FIN Flag
2024-11-24 18:13:10 - Forward flow closed due to FIN Flag
2024-11-24 18:14:04 - Pcap stop listening
2024-11-24 18:14:04 - path:/home/minhhuy/Downloads/CICFlowMeter-classifier-20241029T051353Z-001/CICFlowMeter-classifier/data/daily/2024-11-24_Flow.csv
2024-11-24 18:14:56 - Pcap is listening...
2024-11-24 18:15:22 - Pcap stop listening
2024-11-24 18:15:22 - path:/home/minhhuy/Downloads/CICFlowMeter-classifier-20241029T051353Z-001/CICFlowMeter-classifier/data/daily/2024-11-24_Flow.csv
2024-11-24 18:15:59 - Pcap is listening...
2024-11-25 07:21:11 - Pcap stop listening
2024-11-25 07:21:11 - path:/home/minhhuy/Downloads/CICFlowMeter-classifier-20241029T051353Z-001/CICFlowMeter-classifier/data/daily/2024-11-25_Flow.csv
2024-11-25 07:21:13 - path:/home/minhhuy/Downloads/CICFlowMeter-classifier-20241029T051353Z-001/CICFlowMeter-classifier/data/daily/2024-11-25_Flow.csv
2024-11-25 07:22:39 - Pcap is listening...
2024-11-25 07:23:39 - Forward flow closed due to FIN Flag
2024-11-25 07:23:39 - Forward flow closed due to FIN Flag
2024-11-25 07:27:13 - Pcap stop listening
2024-11-25 07:27:13 - path:/home/minhhuy/Downloads/CICFlowMeter-classifier-20241029T051353Z-001/CICFlowMeter-classifier/data/daily/2024-11-25_Flow.csv
2024-11-25 07:27:47 - Pcap is listening...
2024-11-25 07:33:04 - Pcap stop listening
2024-11-25 07:33:04 - path:/home/minhhuy/Downloads/CICFlowMeter-classifier-20241029T051353Z-001/CICFlowMeter-classifier/data/daily/2024-11-25_Flow.csv
2024-11-25 10:07:28 - Pcap is listening...
2024-11-25 10:16:13 - Pcap stop listening
2024-11-25 10:16:13 - path:/home/minhhuy/Downloads/CICFlowMeter-classifier-20241029T051353Z-001/CICFlowMeter-classifier/data/daily/2024-11-25_Flow.csv
2024-11-25 22:02:50 - Pcap is listening...
2024-11-25 22:05:39 - Pcap stop listening
2024-11-25 22:05:39 - path:/home/minhhuy/Downloads/CICFlowMeter-classifier-20241029T051353Z-001/CICFlowMeter-classifier/data/daily/2024-11-25_Flow.csv
2024-11-25 22:06:52 - Pcap is listening...
2024-11-25 22:08:28 - Pcap stop listening
2024-11-25 22:08:28 - path:/home/minhhuy/Downloads/CICFlowMeter-classifier-20241029T051353Z-001/CICFlowMeter-classifier/data/daily/2024-11-25_Flow.csv
2024-11-25 22:08:58 - Pcap is listening...
2024-11-25 22:10:33 - Pcap stop listening
2024-11-25 22:10:33 - path:/home/minhhuy/Downloads/CICFlowMeter-classifier-20241029T051353Z-001/CICFlowMeter-classifier/data/daily/2024-11-25_Flow.csv
2024-11-25 22:11:07 - Pcap is listening...
2024-11-25 22:18:12 - Pcap is listening...
2024-11-25 22:23:27 - Pcap stop listening
2024-11-25 22:23:27 - path:/home/minhhuy/Downloads/CICFlowMeter-classifier-20241029T051353Z-001/CICFlowMeter-classifier/data/daily/2024-11-25_Flow.csv
2024-11-25 22:23:40 - Pcap is listening...
2024-11-25 22:29:28 - Pcap stop listening
2024-11-25 22:29:28 - path:/home/minhhuy/Downloads/CICFlowMeter-classifier-20241029T051353Z-001/CICFlowMeter-classifier/data/daily/2024-11-25_Flow.csv
2024-11-25 22:30:05 - Pcap is listening...
2024-11-25 22:34:45 - Pcap stop listening
2024-11-25 22:34:45 - path:/home/minhhuy/Downloads/CICFlowMeter-classifier-20241029T051353Z-001/CICFlowMeter-classifier/data/daily/2024-11-25_Flow.csv
2024-11-25 22:36:40 - Pcap is listening...
2024-11-25 22:39:13 - Forward flow closed due to FIN Flag
2024-11-25 22:42:59 - Pcap stop listening
2024-11-25 22:42:59 - path:/home/minhhuy/Downloads/CICFlowMeter-classifier-20241029T051353Z-001/CICFlowMeter-classifier/data/daily/2024-11-25_Flow.csv
2024-11-25 22:44:31 - Pcap is listening...
2024-11-25 23:24:15 - Pcap stop listening
2024-11-25 23:24:15 - path:/home/minhhuy/Downloads/CICFlowMeter-classifier-20241029T051353Z-001/CICFlowMeter-classifier/data/daily/2024-11-25_Flow.csv
2024-11-26 01:29:56 - Pcap is listening...
2024-11-26 01:32:32 - Pcap stop listening
2024-11-26 01:32:32 - path:/home/minhhuy/Downloads/CICFlowMeter-classifier-20241029T051353Z-001/CICFlowMeter-classifier/data/daily/2024-11-26_Flow.csv
2024-11-26 01:34:05 - Pcap is listening...
2024-11-26 01:36:38 - Pcap stop listening
2024-11-26 01:36:38 - path:/home/minhhuy/Downloads/CICFlowMeter-classifier-20241029T051353Z-001/CICFlowMeter-classifier/data/daily/2024-11-26_Flow.csv
2024-11-26 01:39:08 - Pcap is listening...
2024-11-26 01:42:52 - Pcap stop listening
2024-11-26 01:42:52 - path:/home/minhhuy/Downloads/CICFlowMeter-classifier-20241029T051353Z-001/CICFlowMeter-classifier/data/daily/2024-11-26_Flow.csv
2024-11-26 01:43:35 - Pcap is listening...
2024-11-26 01:47:09 - Pcap stop listening
2024-11-26 01:47:09 - path:/home/minhhuy/Downloads/CICFlowMeter-classifier-20241029T051353Z-001/CICFlowMeter-classifier/data/daily/2024-11-26_Flow.csv
2024-11-26 01:48:00 - Pcap is listening...
2024-11-26 01:50:22 - Pcap stop listening
2024-11-26 01:50:22 - path:/home/minhhuy/Downloads/CICFlowMeter-classifier-20241029T051353Z-001/CICFlowMeter-classifier/data/daily/2024-11-26_Flow.csv
2024-11-26 01:50:57 - Pcap is listening...
2024-11-26 01:56:31 - Pcap stop listening
2024-11-26 01:56:31 - path:/home/minhhuy/Downloads/CICFlowMeter-classifier-20241029T051353Z-001/CICFlowMeter-classifier/data/daily/2024-11-26_Flow.csv
2024-11-27 01:05:35 - Pcap is listening...
2024-11-27 01:07:36 - Forward flow closed due to FIN Flag
2024-11-27 01:07:37 - Forward flow closed due to FIN Flag
2024-11-27 01:07:37 - Forward flow closed due to FIN Flag
2024-11-27 01:09:30 - Pcap stop listening
2024-11-27 01:09:30 - path:/home/minhhuy/Downloads/CICFlowMeter-classifier-20241029T051353Z-001/CICFlowMeter-classifier/data/daily/2024-11-27_Flow.csv
2024-11-27 01:10:59 - Pcap is listening...
2024-11-27 01:12:36 - Pcap stop listening
2024-11-27 01:12:36 - path:/home/minhhuy/Downloads/CICFlowMeter-classifier-20241029T051353Z-001/CICFlowMeter-classifier/data/daily/2024-11-27_Flow.csv
2024-11-27 01:14:00 - Pcap is listening...
2024-11-27 01:16:45 - Pcap stop listening
2024-11-27 01:16:45 - path:/home/minhhuy/Downloads/CICFlowMeter-classifier-20241029T051353Z-001/CICFlowMeter-classifier/data/daily/2024-11-27_Flow.csv
2024-11-27 01:17:20 - Pcap is listening...
2024-11-27 01:49:25 - Pcap stop listening
2024-11-27 01:49:25 - path:/home/minhhuy/Downloads/CICFlowMeter-classifier-20241029T051353Z-001/CICFlowMeter-classifier/data/daily/2024-11-27_Flow.csv
2024-11-27 01:50:49 - Pcap is listening...
2024-11-27 01:52:18 - Pcap stop listening
2024-11-27 01:52:18 - path:/home/minhhuy/Downloads/CICFlowMeter-classifier-20241029T051353Z-001/CICFlowMeter-classifier/data/daily/2024-11-27_Flow.csv
2024-11-27 01:52:49 - Pcap is listening...
2024-11-27 02:21:07 - Pcap stop listening
2024-11-27 02:21:07 - path:/home/minhhuy/Downloads/CICFlowMeter-classifier-20241029T051353Z-001/CICFlowMeter-classifier/data/daily/2024-11-27_Flow.csv
2024-12-01 22:05:49 - Pcap is listening...
2024-12-01 22:07:12 - Forward flow closed due to FIN Flag
2024-12-01 22:07:13 - Forward flow closed due to FIN Flag
2024-12-01 22:08:52 - Pcap stop listening
2024-12-01 22:08:52 - path:/home/minhhuy/Downloads/CICFlowMeter-classifier-20241029T051353Z-001/CICFlowMeter-classifier/data/daily/2024-12-01_Flow.csv
2024-12-01 22:16:41 - Pcap is listening...
2024-12-01 22:17:33 - Forward flow closed due to FIN Flag
2024-12-01 22:17:33 - Forward flow closed due to FIN Flag
2024-12-01 22:17:33 - Forward flow closed due to FIN Flag
2024-12-01 22:18:44 - Forward flow closed due to FIN Flag
2024-12-01 22:18:44 - Forward flow closed due to FIN Flag
2024-12-01 22:18:44 - Forward flow closed due to FIN Flag
2024-12-01 22:18:44 - Pcap stop listening
2024-12-01 22:18:44 - path:/home/minhhuy/Downloads/CICFlowMeter-classifier-20241029T051353Z-001/CICFlowMeter-classifier/data/daily/2024-12-01_Flow.csv
2024-12-01 22:19:43 - Pcap is listening...
2024-12-01 22:20:10 - Forward flow closed due to FIN Flag
2024-12-01 22:20:10 - Forward flow closed due to FIN Flag
2024-12-01 22:20:10 - Forward flow closed due to FIN Flag
2024-12-01 22:21:59 - Pcap stop listening
2024-12-01 22:21:59 - path:/home/minhhuy/Downloads/CICFlowMeter-classifier-20241029T051353Z-001/CICFlowMeter-classifier/data/daily/2024-12-01_Flow.csv
2024-12-01 22:22:36 - Pcap is listening...
2024-12-01 22:25:52 - Pcap stop listening
2024-12-01 22:25:52 - path:/home/minhhuy/Downloads/CICFlowMeter-classifier-20241029T051353Z-001/CICFlowMeter-classifier/data/daily/2024-12-01_Flow.csv
2024-12-01 22:27:02 - Pcap is listening...
2024-12-01 22:29:05 - Pcap stop listening
2024-12-01 22:29:05 - path:/home/minhhuy/Downloads/CICFlowMeter-classifier-20241029T051353Z-001/CICFlowMeter-classifier/data/daily/2024-12-01_Flow.csv
2024-12-01 22:33:07 - Pcap is listening...
2024-12-01 22:45:52 - Pcap stop listening
2024-12-01 22:45:52 - path:/home/minhhuy/Downloads/CICFlowMeter-classifier-20241029T051353Z-001/CICFlowMeter-classifier/data/daily/2024-12-01_Flow.csv
2024-12-02 01:22:42 - Pcap is listening...
2024-12-02 01:23:03 - Pcap stop listening
2024-12-02 01:23:03 - path:/home/minhhuy/Downloads/CICFlowMeter-classifier-20241029T051353Z-001/CICFlowMeter-classifier/data/daily/2024-12-02_Flow.csv
2024-12-02 01:23:25 - Pcap is listening...
2024-12-02 01:25:36 - Pcap stop listening
2024-12-02 01:25:36 - path:/home/minhhuy/Downloads/CICFlowMeter-classifier-20241029T051353Z-001/CICFlowMeter-classifier/data/daily/2024-12-02_Flow.csv
2024-12-02 01:26:48 - Pcap is listening...
2024-12-02 01:28:50 - Pcap stop listening
2024-12-02 01:28:50 - path:/home/minhhuy/Downloads/CICFlowMeter-classifier-20241029T051353Z-001/CICFlowMeter-classifier/data/daily/2024-12-02_Flow.csv
2024-12-02 01:29:17 - Pcap is listening...
2024-12-02 01:29:44 - Pcap stop listening
2024-12-02 01:29:44 - path:/home/minhhuy/Downloads/CICFlowMeter-classifier-20241029T051353Z-001/CICFlowMeter-classifier/data/daily/2024-12-02_Flow.csv
2024-12-02 01:29:59 - Pcap is listening...
2024-12-02 01:36:40 - Pcap stop listening
2024-12-02 01:36:40 - path:/home/minhhuy/Downloads/CICFlowMeter-classifier-20241029T051353Z-001/CICFlowMeter-classifier/data/daily/2024-12-02_Flow.csv
2024-12-03 19:33:31 - Pcap is listening...
2024-12-03 19:35:58 - Pcap stop listening
2024-12-03 19:35:58 - path:/home/minhhuy/Downloads/CICFlowMeter-classifier-20241029T051353Z-001/CICFlowMeter-classifier/data/daily/2024-12-03_Flow.csv
